Copyright 1986-2019 Xilinx, Inc. All Rights Reserved.
--------------------------------------------------------------------------------------------------------------------------------------------------------------------------------------------------------------
| Tool Version : Vivado v.2019.2 (win64) Build 2708876 Wed Nov  6 21:40:23 MST 2019
| Date         : Sat Jun 27 21:05:01 2026
| Host         : FAN running 64-bit major release  (build 9200)
| Command      : report_methodology -file DDS_Signal_Generator_top_methodology_drc_routed.rpt -pb DDS_Signal_Generator_top_methodology_drc_routed.pb -rpx DDS_Signal_Generator_top_methodology_drc_routed.rpx
| Design       : DDS_Signal_Generator_top
| Device       : xc7z010clg400-1
| Speed File   : -1
| Design State : Fully Routed
--------------------------------------------------------------------------------------------------------------------------------------------------------------------------------------------------------------

Report Methodology

Table of Contents
-----------------
1. REPORT SUMMARY
2. REPORT DETAILS

1. REPORT SUMMARY
-----------------
            Netlist: netlist
          Floorplan: design_1
      Design limits: <entire design considered>
             Max violations: <unlimited>
             Violations found: 98
+-----------+------------------+----------------------------------------------------+------------+
| Rule      | Severity         | Description                                        | Violations |
+-----------+------------------+----------------------------------------------------+------------+
| TIMING-4  | Critical Warning | Invalid primary clock redefinition on a clock tree | 1          |
| TIMING-27 | Critical Warning | Invalid primary clock on hierarchical pin          | 1          |
| DPIR-1    | Warning          | Asynchronous driver check                          | 55         |
| SYNTH-10  | Warning          | Wide multiplier                                    | 4          |
| SYNTH-13  | Warning          | combinational multiplier                           | 4          |
| TIMING-16 | Warning          | Large setup violation                              | 33         |
+-----------+------------------+----------------------------------------------------+------------+

2. REPORT DETAILS
-----------------
TIMING-4#1 Critical Warning
Invalid primary clock redefinition on a clock tree  
Invalid clock redefinition on a clock tree. The primary clock dds_inst/pll_inst/inst/clk_in1 is defined downstream of clock clk_fpga_0 and overrides its insertion delay and/or waveform definition
Related violations: <none>

TIMING-27#1 Critical Warning
Invalid primary clock on hierarchical pin  
A primary clock dds_inst/pll_inst/inst/clk_in1 is created on an inappropriate internal pin dds_inst/pll_inst/inst/clk_in1. It is not recommended to create a primary clock on a hierarchical pin when its driver pin has a fanout connected to multiple clock pins
Related violations: <none>

DPIR-1#1 Warning
Asynchronous driver check  
DSP dds_inst/freq_product input pin dds_inst/freq_product/B[0] is connected to registers with an asynchronous reset. This is preventing the possibility of merging these registers in to the DSP Block since the DSP block registers only possess synchronous reset capability.  It is suggested to recode or change these registers to remove the reset or use a synchronous reset to get the best optimization for performance, power and area.
Related violations: <none>

DPIR-1#2 Warning
Asynchronous driver check  
DSP dds_inst/freq_product input pin dds_inst/freq_product/B[10] is connected to registers with an asynchronous reset. This is preventing the possibility of merging these registers in to the DSP Block since the DSP block registers only possess synchronous reset capability.  It is suggested to recode or change these registers to remove the reset or use a synchronous reset to get the best optimization for performance, power and area.
Related violations: <none>

DPIR-1#3 Warning
Asynchronous driver check  
DSP dds_inst/freq_product input pin dds_inst/freq_product/B[11] is connected to registers with an asynchronous reset. This is preventing the possibility of merging these registers in to the DSP Block since the DSP block registers only possess synchronous reset capability.  It is suggested to recode or change these registers to remove the reset or use a synchronous reset to get the best optimization for performance, power and area.
Related violations: <none>

DPIR-1#4 Warning
Asynchronous driver check  
DSP dds_inst/freq_product input pin dds_inst/freq_product/B[12] is connected to registers with an asynchronous reset. This is preventing the possibility of merging these registers in to the DSP Block since the DSP block registers only possess synchronous reset capability.  It is suggested to recode or change these registers to remove the reset or use a synchronous reset to get the best optimization for performance, power and area.
Related violations: <none>

DPIR-1#5 Warning
Asynchronous driver check  
DSP dds_inst/freq_product input pin dds_inst/freq_product/B[13] is connected to registers with an asynchronous reset. This is preventing the possibility of merging these registers in to the DSP Block since the DSP block registers only possess synchronous reset capability.  It is suggested to recode or change these registers to remove the reset or use a synchronous reset to get the best optimization for performance, power and area.
Related violations: <none>

DPIR-1#6 Warning
Asynchronous driver check  
DSP dds_inst/freq_product input pin dds_inst/freq_product/B[14] is connected to registers with an asynchronous reset. This is preventing the possibility of merging these registers in to the DSP Block since the DSP block registers only possess synchronous reset capability.  It is suggested to recode or change these registers to remove the reset or use a synchronous reset to get the best optimization for performance, power and area.
Related violations: <none>

DPIR-1#7 Warning
Asynchronous driver check  
DSP dds_inst/freq_product input pin dds_inst/freq_product/B[1] is connected to registers with an asynchronous reset. This is preventing the possibility of merging these registers in to the DSP Block since the DSP block registers only possess synchronous reset capability.  It is suggested to recode or change these registers to remove the reset or use a synchronous reset to get the best optimization for performance, power and area.
Related violations: <none>

DPIR-1#8 Warning
Asynchronous driver check  
DSP dds_inst/freq_product input pin dds_inst/freq_product/B[2] is connected to registers with an asynchronous reset. This is preventing the possibility of merging these registers in to the DSP Block since the DSP block registers only possess synchronous reset capability.  It is suggested to recode or change these registers to remove the reset or use a synchronous reset to get the best optimization for performance, power and area.
Related violations: <none>

DPIR-1#9 Warning
Asynchronous driver check  
DSP dds_inst/freq_product input pin dds_inst/freq_product/B[3] is connected to registers with an asynchronous reset. This is preventing the possibility of merging these registers in to the DSP Block since the DSP block registers only possess synchronous reset capability.  It is suggested to recode or change these registers to remove the reset or use a synchronous reset to get the best optimization for performance, power and area.
Related violations: <none>

DPIR-1#10 Warning
Asynchronous driver check  
DSP dds_inst/freq_product input pin dds_inst/freq_product/B[4] is connected to registers with an asynchronous reset. This is preventing the possibility of merging these registers in to the DSP Block since the DSP block registers only possess synchronous reset capability.  It is suggested to recode or change these registers to remove the reset or use a synchronous reset to get the best optimization for performance, power and area.
Related violations: <none>

DPIR-1#11 Warning
Asynchronous driver check  
DSP dds_inst/freq_product input pin dds_inst/freq_product/B[5] is connected to registers with an asynchronous reset. This is preventing the possibility of merging these registers in to the DSP Block since the DSP block registers only possess synchronous reset capability.  It is suggested to recode or change these registers to remove the reset or use a synchronous reset to get the best optimization for performance, power and area.
Related violations: <none>

DPIR-1#12 Warning
Asynchronous driver check  
DSP dds_inst/freq_product input pin dds_inst/freq_product/B[6] is connected to registers with an asynchronous reset. This is preventing the possibility of merging these registers in to the DSP Block since the DSP block registers only possess synchronous reset capability.  It is suggested to recode or change these registers to remove the reset or use a synchronous reset to get the best optimization for performance, power and area.
Related violations: <none>

DPIR-1#13 Warning
Asynchronous driver check  
DSP dds_inst/freq_product input pin dds_inst/freq_product/B[7] is connected to registers with an asynchronous reset. This is preventing the possibility of merging these registers in to the DSP Block since the DSP block registers only possess synchronous reset capability.  It is suggested to recode or change these registers to remove the reset or use a synchronous reset to get the best optimization for performance, power and area.
Related violations: <none>

DPIR-1#14 Warning
Asynchronous driver check  
DSP dds_inst/freq_product input pin dds_inst/freq_product/B[8] is connected to registers with an asynchronous reset. This is preventing the possibility of merging these registers in to the DSP Block since the DSP block registers only possess synchronous reset capability.  It is suggested to recode or change these registers to remove the reset or use a synchronous reset to get the best optimization for performance, power and area.
Related violations: <none>

DPIR-1#15 Warning
Asynchronous driver check  
DSP dds_inst/freq_product input pin dds_inst/freq_product/B[9] is connected to registers with an asynchronous reset. This is preventing the possibility of merging these registers in to the DSP Block since the DSP block registers only possess synchronous reset capability.  It is suggested to recode or change these registers to remove the reset or use a synchronous reset to get the best optimization for performance, power and area.
Related violations: <none>

DPIR-1#16 Warning
Asynchronous driver check  
DSP dds_inst/freq_product__0 input pin dds_inst/freq_product__0/A[0] is connected to registers with an asynchronous reset. This is preventing the possibility of merging these registers in to the DSP Block since the DSP block registers only possess synchronous reset capability.  It is suggested to recode or change these registers to remove the reset or use a synchronous reset to get the best optimization for performance, power and area.
Related violations: <none>

DPIR-1#17 Warning
Asynchronous driver check  
DSP dds_inst/freq_product__0 input pin dds_inst/freq_product__0/A[10] is connected to registers with an asynchronous reset. This is preventing the possibility of merging these registers in to the DSP Block since the DSP block registers only possess synchronous reset capability.  It is suggested to recode or change these registers to remove the reset or use a synchronous reset to get the best optimization for performance, power and area.
Related violations: <none>

DPIR-1#18 Warning
Asynchronous driver check  
DSP dds_inst/freq_product__0 input pin dds_inst/freq_product__0/A[11] is connected to registers with an asynchronous reset. This is preventing the possibility of merging these registers in to the DSP Block since the DSP block registers only possess synchronous reset capability.  It is suggested to recode or change these registers to remove the reset or use a synchronous reset to get the best optimization for performance, power and area.
Related violations: <none>

DPIR-1#19 Warning
Asynchronous driver check  
DSP dds_inst/freq_product__0 input pin dds_inst/freq_product__0/A[12] is connected to registers with an asynchronous reset. This is preventing the possibility of merging these registers in to the DSP Block since the DSP block registers only possess synchronous reset capability.  It is suggested to recode or change these registers to remove the reset or use a synchronous reset to get the best optimization for performance, power and area.
Related violations: <none>

DPIR-1#20 Warning
Asynchronous driver check  
DSP dds_inst/freq_product__0 input pin dds_inst/freq_product__0/A[13] is connected to registers with an asynchronous reset. This is preventing the possibility of merging these registers in to the DSP Block since the DSP block registers only possess synchronous reset capability.  It is suggested to recode or change these registers to remove the reset or use a synchronous reset to get the best optimization for performance, power and area.
Related violations: <none>

DPIR-1#21 Warning
Asynchronous driver check  
DSP dds_inst/freq_product__0 input pin dds_inst/freq_product__0/A[14] is connected to registers with an asynchronous reset. This is preventing the possibility of merging these registers in to the DSP Block since the DSP block registers only possess synchronous reset capability.  It is suggested to recode or change these registers to remove the reset or use a synchronous reset to get the best optimization for performance, power and area.
Related violations: <none>

DPIR-1#22 Warning
Asynchronous driver check  
DSP dds_inst/freq_product__0 input pin dds_inst/freq_product__0/A[1] is connected to registers with an asynchronous reset. This is preventing the possibility of merging these registers in to the DSP Block since the DSP block registers only possess synchronous reset capability.  It is suggested to recode or change these registers to remove the reset or use a synchronous reset to get the best optimization for performance, power and area.
Related violations: <none>

DPIR-1#23 Warning
Asynchronous driver check  
DSP dds_inst/freq_product__0 input pin dds_inst/freq_product__0/A[2] is connected to registers with an asynchronous reset. This is preventing the possibility of merging these registers in to the DSP Block since the DSP block registers only possess synchronous reset capability.  It is suggested to recode or change these registers to remove the reset or use a synchronous reset to get the best optimization for performance, power and area.
Related violations: <none>

DPIR-1#24 Warning
Asynchronous driver check  
DSP dds_inst/freq_product__0 input pin dds_inst/freq_product__0/A[3] is connected to registers with an asynchronous reset. This is preventing the possibility of merging these registers in to the DSP Block since the DSP block registers only possess synchronous reset capability.  It is suggested to recode or change these registers to remove the reset or use a synchronous reset to get the best optimization for performance, power and area.
Related violations: <none>

DPIR-1#25 Warning
Asynchronous driver check  
DSP dds_inst/freq_product__0 input pin dds_inst/freq_product__0/A[4] is connected to registers with an asynchronous reset. This is preventing the possibility of merging these registers in to the DSP Block since the DSP block registers only possess synchronous reset capability.  It is suggested to recode or change these registers to remove the reset or use a synchronous reset to get the best optimization for performance, power and area.
Related violations: <none>

DPIR-1#26 Warning
Asynchronous driver check  
DSP dds_inst/freq_product__0 input pin dds_inst/freq_product__0/A[5] is connected to registers with an asynchronous reset. This is preventing the possibility of merging these registers in to the DSP Block since the DSP block registers only possess synchronous reset capability.  It is suggested to recode or change these registers to remove the reset or use a synchronous reset to get the best optimization for performance, power and area.
Related violations: <none>

DPIR-1#27 Warning
Asynchronous driver check  
DSP dds_inst/freq_product__0 input pin dds_inst/freq_product__0/A[6] is connected to registers with an asynchronous reset. This is preventing the possibility of merging these registers in to the DSP Block since the DSP block registers only possess synchronous reset capability.  It is suggested to recode or change these registers to remove the reset or use a synchronous reset to get the best optimization for performance, power and area.
Related violations: <none>

DPIR-1#28 Warning
Asynchronous driver check  
DSP dds_inst/freq_product__0 input pin dds_inst/freq_product__0/A[7] is connected to registers with an asynchronous reset. This is preventing the possibility of merging these registers in to the DSP Block since the DSP block registers only possess synchronous reset capability.  It is suggested to recode or change these registers to remove the reset or use a synchronous reset to get the best optimization for performance, power and area.
Related violations: <none>

DPIR-1#29 Warning
Asynchronous driver check  
DSP dds_inst/freq_product__0 input pin dds_inst/freq_product__0/A[8] is connected to registers with an asynchronous reset. This is preventing the possibility of merging these registers in to the DSP Block since the DSP block registers only possess synchronous reset capability.  It is suggested to recode or change these registers to remove the reset or use a synchronous reset to get the best optimization for performance, power and area.
Related violations: <none>

DPIR-1#30 Warning
Asynchronous driver check  
DSP dds_inst/freq_product__0 input pin dds_inst/freq_product__0/A[9] is connected to registers with an asynchronous reset. This is preventing the possibility of merging these registers in to the DSP Block since the DSP block registers only possess synchronous reset capability.  It is suggested to recode or change these registers to remove the reset or use a synchronous reset to get the best optimization for performance, power and area.
Related violations: <none>

DPIR-1#31 Warning
Asynchronous driver check  
DSP dds_inst/freq_product__1 input pin dds_inst/freq_product__1/A[0] is connected to registers with an asynchronous reset. This is preventing the possibility of merging these registers in to the DSP Block since the DSP block registers only possess synchronous reset capability.  It is suggested to recode or change these registers to remove the reset or use a synchronous reset to get the best optimization for performance, power and area.
Related violations: <none>

DPIR-1#32 Warning
Asynchronous driver check  
DSP dds_inst/freq_product__1 input pin dds_inst/freq_product__1/A[10] is connected to registers with an asynchronous reset. This is preventing the possibility of merging these registers in to the DSP Block since the DSP block registers only possess synchronous reset capability.  It is suggested to recode or change these registers to remove the reset or use a synchronous reset to get the best optimization for performance, power and area.
Related violations: <none>

DPIR-1#33 Warning
Asynchronous driver check  
DSP dds_inst/freq_product__1 input pin dds_inst/freq_product__1/A[11] is connected to registers with an asynchronous reset. This is preventing the possibility of merging these registers in to the DSP Block since the DSP block registers only possess synchronous reset capability.  It is suggested to recode or change these registers to remove the reset or use a synchronous reset to get the best optimization for performance, power and area.
Related violations: <none>

DPIR-1#34 Warning
Asynchronous driver check  
DSP dds_inst/freq_product__1 input pin dds_inst/freq_product__1/A[12] is connected to registers with an asynchronous reset. This is preventing the possibility of merging these registers in to the DSP Block since the DSP block registers only possess synchronous reset capability.  It is suggested to recode or change these registers to remove the reset or use a synchronous reset to get the best optimization for performance, power and area.
Related violations: <none>

DPIR-1#35 Warning
Asynchronous driver check  
DSP dds_inst/freq_product__1 input pin dds_inst/freq_product__1/A[13] is connected to registers with an asynchronous reset. This is preventing the possibility of merging these registers in to the DSP Block since the DSP block registers only possess synchronous reset capability.  It is suggested to recode or change these registers to remove the reset or use a synchronous reset to get the best optimization for performance, power and area.
Related violations: <none>

DPIR-1#36 Warning
Asynchronous driver check  
DSP dds_inst/freq_product__1 input pin dds_inst/freq_product__1/A[14] is connected to registers with an asynchronous reset. This is preventing the possibility of merging these registers in to the DSP Block since the DSP block registers only possess synchronous reset capability.  It is suggested to recode or change these registers to remove the reset or use a synchronous reset to get the best optimization for performance, power and area.
Related violations: <none>

DPIR-1#37 Warning
Asynchronous driver check  
DSP dds_inst/freq_product__1 input pin dds_inst/freq_product__1/A[15] is connected to registers with an asynchronous reset. This is preventing the possibility of merging these registers in to the DSP Block since the DSP block registers only possess synchronous reset capability.  It is suggested to recode or change these registers to remove the reset or use a synchronous reset to get the best optimization for performance, power and area.
Related violations: <none>

DPIR-1#38 Warning
Asynchronous driver check  
DSP dds_inst/freq_product__1 input pin dds_inst/freq_product__1/A[16] is connected to registers with an asynchronous reset. This is preventing the possibility of merging these registers in to the DSP Block since the DSP block registers only possess synchronous reset capability.  It is suggested to recode or change these registers to remove the reset or use a synchronous reset to get the best optimization for performance, power and area.
Related violations: <none>

DPIR-1#39 Warning
Asynchronous driver check  
DSP dds_inst/freq_product__1 input pin dds_inst/freq_product__1/A[1] is connected to registers with an asynchronous reset. This is preventing the possibility of merging these registers in to the DSP Block since the DSP block registers only possess synchronous reset capability.  It is suggested to recode or change these registers to remove the reset or use a synchronous reset to get the best optimization for performance, power and area.
Related violations: <none>

DPIR-1#40 Warning
Asynchronous driver check  
DSP dds_inst/freq_product__1 input pin dds_inst/freq_product__1/A[2] is connected to registers with an asynchronous reset. This is preventing the possibility of merging these registers in to the DSP Block since the DSP block registers only possess synchronous reset capability.  It is suggested to recode or change these registers to remove the reset or use a synchronous reset to get the best optimization for performance, power and area.
Related violations: <none>

DPIR-1#41 Warning
Asynchronous driver check  
DSP dds_inst/freq_product__1 input pin dds_inst/freq_product__1/A[3] is connected to registers with an asynchronous reset. This is preventing the possibility of merging these registers in to the DSP Block since the DSP block registers only possess synchronous reset capability.  It is suggested to recode or change these registers to remove the reset or use a synchronous reset to get the best optimization for performance, power and area.
Related violations: <none>

DPIR-1#42 Warning
Asynchronous driver check  
DSP dds_inst/freq_product__1 input pin dds_inst/freq_product__1/A[4] is connected to registers with an asynchronous reset. This is preventing the possibility of merging these registers in to the DSP Block since the DSP block registers only possess synchronous reset capability.  It is suggested to recode or change these registers to remove the reset or use a synchronous reset to get the best optimization for performance, power and area.
Related violations: <none>

DPIR-1#43 Warning
Asynchronous driver check  
DSP dds_inst/freq_product__1 input pin dds_inst/freq_product__1/A[5] is connected to registers with an asynchronous reset. This is preventing the possibility of merging these registers in to the DSP Block since the DSP block registers only possess synchronous reset capability.  It is suggested to recode or change these registers to remove the reset or use a synchronous reset to get the best optimization for performance, power and area.
Related violations: <none>

DPIR-1#44 Warning
Asynchronous driver check  
DSP dds_inst/freq_product__1 input pin dds_inst/freq_product__1/A[6] is connected to registers with an asynchronous reset. This is preventing the possibility of merging these registers in to the DSP Block since the DSP block registers only possess synchronous reset capability.  It is suggested to recode or change these registers to remove the reset or use a synchronous reset to get the best optimization for performance, power and area.
Related violations: <none>

DPIR-1#45 Warning
Asynchronous driver check  
DSP dds_inst/freq_product__1 input pin dds_inst/freq_product__1/A[7] is connected to registers with an asynchronous reset. This is preventing the possibility of merging these registers in to the DSP Block since the DSP block registers only possess synchronous reset capability.  It is suggested to recode or change these registers to remove the reset or use a synchronous reset to get the best optimization for performance, power and area.
Related violations: <none>

DPIR-1#46 Warning
Asynchronous driver check  
DSP dds_inst/freq_product__1 input pin dds_inst/freq_product__1/A[8] is connected to registers with an asynchronous reset. This is preventing the possibility of merging these registers in to the DSP Block since the DSP block registers only possess synchronous reset capability.  It is suggested to recode or change these registers to remove the reset or use a synchronous reset to get the best optimization for performance, power and area.
Related violations: <none>

DPIR-1#47 Warning
Asynchronous driver check  
DSP dds_inst/freq_product__1 input pin dds_inst/freq_product__1/A[9] is connected to registers with an asynchronous reset. This is preventing the possibility of merging these registers in to the DSP Block since the DSP block registers only possess synchronous reset capability.  It is suggested to recode or change these registers to remove the reset or use a synchronous reset to get the best optimization for performance, power and area.
Related violations: <none>

DPIR-1#48 Warning
Asynchronous driver check  
DSP dds_inst/hmi_recv_inst/HMI_Num5 input pin dds_inst/hmi_recv_inst/HMI_Num5/B[0] is connected to registers with an asynchronous reset. This is preventing the possibility of merging these registers in to the DSP Block since the DSP block registers only possess synchronous reset capability.  It is suggested to recode or change these registers to remove the reset or use a synchronous reset to get the best optimization for performance, power and area.
Related violations: <none>

DPIR-1#49 Warning
Asynchronous driver check  
DSP dds_inst/hmi_recv_inst/HMI_Num5 input pin dds_inst/hmi_recv_inst/HMI_Num5/B[1] is connected to registers with an asynchronous reset. This is preventing the possibility of merging these registers in to the DSP Block since the DSP block registers only possess synchronous reset capability.  It is suggested to recode or change these registers to remove the reset or use a synchronous reset to get the best optimization for performance, power and area.
Related violations: <none>

DPIR-1#50 Warning
Asynchronous driver check  
DSP dds_inst/hmi_recv_inst/HMI_Num5 input pin dds_inst/hmi_recv_inst/HMI_Num5/B[2] is connected to registers with an asynchronous reset. This is preventing the possibility of merging these registers in to the DSP Block since the DSP block registers only possess synchronous reset capability.  It is suggested to recode or change these registers to remove the reset or use a synchronous reset to get the best optimization for performance, power and area.
Related violations: <none>

DPIR-1#51 Warning
Asynchronous driver check  
DSP dds_inst/hmi_recv_inst/HMI_Num5 input pin dds_inst/hmi_recv_inst/HMI_Num5/B[3] is connected to registers with an asynchronous reset. This is preventing the possibility of merging these registers in to the DSP Block since the DSP block registers only possess synchronous reset capability.  It is suggested to recode or change these registers to remove the reset or use a synchronous reset to get the best optimization for performance, power and area.
Related violations: <none>

DPIR-1#52 Warning
Asynchronous driver check  
DSP dds_inst/hmi_recv_inst/HMI_Num5__1 input pin dds_inst/hmi_recv_inst/HMI_Num5__1/B[0] is connected to registers with an asynchronous reset. This is preventing the possibility of merging these registers in to the DSP Block since the DSP block registers only possess synchronous reset capability.  It is suggested to recode or change these registers to remove the reset or use a synchronous reset to get the best optimization for performance, power and area.
Related violations: <none>

DPIR-1#53 Warning
Asynchronous driver check  
DSP dds_inst/hmi_recv_inst/HMI_Num5__1 input pin dds_inst/hmi_recv_inst/HMI_Num5__1/B[1] is connected to registers with an asynchronous reset. This is preventing the possibility of merging these registers in to the DSP Block since the DSP block registers only possess synchronous reset capability.  It is suggested to recode or change these registers to remove the reset or use a synchronous reset to get the best optimization for performance, power and area.
Related violations: <none>

DPIR-1#54 Warning
Asynchronous driver check  
DSP dds_inst/hmi_recv_inst/HMI_Num5__1 input pin dds_inst/hmi_recv_inst/HMI_Num5__1/B[2] is connected to registers with an asynchronous reset. This is preventing the possibility of merging these registers in to the DSP Block since the DSP block registers only possess synchronous reset capability.  It is suggested to recode or change these registers to remove the reset or use a synchronous reset to get the best optimization for performance, power and area.
Related violations: <none>

DPIR-1#55 Warning
Asynchronous driver check  
DSP dds_inst/hmi_recv_inst/HMI_Num5__1 input pin dds_inst/hmi_recv_inst/HMI_Num5__1/B[3] is connected to registers with an asynchronous reset. This is preventing the possibility of merging these registers in to the DSP Block since the DSP block registers only possess synchronous reset capability.  It is suggested to recode or change these registers to remove the reset or use a synchronous reset to get the best optimization for performance, power and area.
Related violations: <none>

SYNTH-10#1 Warning
Wide multiplier  
Detected multiplier at dds_inst/freq_product of size 16x18, it is decomposed from a wide multipler into 4 DSP blocks.
Related violations: <none>

SYNTH-10#2 Warning
Wide multiplier  
Detected multiplier at dds_inst/freq_product__0 of size 16x11, it is decomposed from a wide multipler into 4 DSP blocks.
Related violations: <none>

SYNTH-10#3 Warning
Wide multiplier  
Detected multiplier at dds_inst/freq_product__1 of size 18x18, it is decomposed from a wide multipler into 4 DSP blocks.
Related violations: <none>

SYNTH-10#4 Warning
Wide multiplier  
Detected multiplier at dds_inst/freq_product__2 of size 18x11, it is decomposed from a wide multipler into 4 DSP blocks.
Related violations: <none>

SYNTH-13#1 Warning
combinational multiplier  
Detected combinational multiplier in DSP instance dds_inst/hmi_recv_inst/HMI_Num5.
Related violations: <none>

SYNTH-13#2 Warning
combinational multiplier  
Detected combinational multiplier in DSP instance dds_inst/hmi_recv_inst/HMI_Num5__0.
Related violations: <none>

SYNTH-13#3 Warning
combinational multiplier  
Detected combinational multiplier in DSP instance dds_inst/hmi_recv_inst/HMI_Num5__1.
Related violations: <none>

SYNTH-13#4 Warning
combinational multiplier  
Detected combinational multiplier in DSP instance dds_inst/hmi_recv_inst/HMI_Num5__2.
Related violations: <none>

TIMING-16#1 Warning
Large setup violation  
There is a large setup violation of -1.559 ns between dds_inst/hmi_recv_inst/dig_reg[0][5]/C (clocked by clk_out1_pll_50m_to_100m) and dds_inst/hmi_recv_inst/HMI_Num_reg[3]/D (clocked by clk_out1_pll_50m_to_100m). Large setup violations at the end of those stages might be difficult to fix during the post-placement implementation flow and could be the result of non-optimal XDC constraints or non-optimal design architecture
Related violations: <none>

TIMING-16#2 Warning
Large setup violation  
There is a large setup violation of -1.935 ns between dds_inst/hmi_recv_inst/dig_reg[0][5]/C (clocked by clk_out1_pll_50m_to_100m) and dds_inst/hmi_recv_inst/HMI_Num_reg[4]/D (clocked by clk_out1_pll_50m_to_100m). Large setup violations at the end of those stages might be difficult to fix during the post-placement implementation flow and could be the result of non-optimal XDC constraints or non-optimal design architecture
Related violations: <none>

TIMING-16#3 Warning
Large setup violation  
There is a large setup violation of -16.637 ns between dds_inst/fcw_send_buf_reg[7]/C (clocked by clk_out1_pll_50m_to_100m) and dds_inst/uart_tx_data_reg[0]/D (clocked by clk_out1_pll_50m_to_100m). Large setup violations at the end of those stages might be difficult to fix during the post-placement implementation flow and could be the result of non-optimal XDC constraints or non-optimal design architecture
Related violations: <none>

TIMING-16#4 Warning
Large setup violation  
There is a large setup violation of -2.046 ns between dds_inst/hmi_recv_inst/dig_reg[0][5]/C (clocked by clk_out1_pll_50m_to_100m) and dds_inst/hmi_recv_inst/HMI_Num_reg[5]/D (clocked by clk_out1_pll_50m_to_100m). Large setup violations at the end of those stages might be difficult to fix during the post-placement implementation flow and could be the result of non-optimal XDC constraints or non-optimal design architecture
Related violations: <none>

TIMING-16#5 Warning
Large setup violation  
There is a large setup violation of -2.221 ns between dds_inst/hmi_recv_inst/dig_reg[0][5]/C (clocked by clk_out1_pll_50m_to_100m) and dds_inst/hmi_recv_inst/HMI_Num_reg[6]/D (clocked by clk_out1_pll_50m_to_100m). Large setup violations at the end of those stages might be difficult to fix during the post-placement implementation flow and could be the result of non-optimal XDC constraints or non-optimal design architecture
Related violations: <none>

TIMING-16#6 Warning
Large setup violation  
There is a large setup violation of -2.281 ns between dds_inst/hmi_recv_inst/dig_reg[0][5]/C (clocked by clk_out1_pll_50m_to_100m) and dds_inst/hmi_recv_inst/HMI_Num_reg[7]/D (clocked by clk_out1_pll_50m_to_100m). Large setup violations at the end of those stages might be difficult to fix during the post-placement implementation flow and could be the result of non-optimal XDC constraints or non-optimal design architecture
Related violations: <none>

TIMING-16#7 Warning
Large setup violation  
There is a large setup violation of -2.414 ns between dds_inst/hmi_recv_inst/dig_reg[0][5]/C (clocked by clk_out1_pll_50m_to_100m) and dds_inst/hmi_recv_inst/HMI_Num_reg[8]/D (clocked by clk_out1_pll_50m_to_100m). Large setup violations at the end of those stages might be difficult to fix during the post-placement implementation flow and could be the result of non-optimal XDC constraints or non-optimal design architecture
Related violations: <none>

TIMING-16#8 Warning
Large setup violation  
There is a large setup violation of -2.550 ns between dds_inst/hmi_recv_inst/dig_reg[0][5]/C (clocked by clk_out1_pll_50m_to_100m) and dds_inst/hmi_recv_inst/HMI_Num_reg[9]/D (clocked by clk_out1_pll_50m_to_100m). Large setup violations at the end of those stages might be difficult to fix during the post-placement implementation flow and could be the result of non-optimal XDC constraints or non-optimal design architecture
Related violations: <none>

TIMING-16#9 Warning
Large setup violation  
There is a large setup violation of -2.673 ns between dds_inst/hmi_recv_inst/dig_reg[0][5]/C (clocked by clk_out1_pll_50m_to_100m) and dds_inst/hmi_recv_inst/HMI_Num_reg[10]/D (clocked by clk_out1_pll_50m_to_100m). Large setup violations at the end of those stages might be difficult to fix during the post-placement implementation flow and could be the result of non-optimal XDC constraints or non-optimal design architecture
Related violations: <none>

TIMING-16#10 Warning
Large setup violation  
There is a large setup violation of -2.732 ns between dds_inst/hmi_recv_inst/dig_reg[0][5]/C (clocked by clk_out1_pll_50m_to_100m) and dds_inst/hmi_recv_inst/HMI_Num_reg[11]/D (clocked by clk_out1_pll_50m_to_100m). Large setup violations at the end of those stages might be difficult to fix during the post-placement implementation flow and could be the result of non-optimal XDC constraints or non-optimal design architecture
Related violations: <none>

TIMING-16#11 Warning
Large setup violation  
There is a large setup violation of -2.951 ns between dds_inst/hmi_recv_inst/dig_reg[0][5]/C (clocked by clk_out1_pll_50m_to_100m) and dds_inst/hmi_recv_inst/HMI_Num_reg[12]/D (clocked by clk_out1_pll_50m_to_100m). Large setup violations at the end of those stages might be difficult to fix during the post-placement implementation flow and could be the result of non-optimal XDC constraints or non-optimal design architecture
Related violations: <none>

TIMING-16#12 Warning
Large setup violation  
There is a large setup violation of -2.967 ns between dds_inst/hmi_recv_inst/dig_reg[0][5]/C (clocked by clk_out1_pll_50m_to_100m) and dds_inst/hmi_recv_inst/HMI_Num_reg[14]/D (clocked by clk_out1_pll_50m_to_100m). Large setup violations at the end of those stages might be difficult to fix during the post-placement implementation flow and could be the result of non-optimal XDC constraints or non-optimal design architecture
Related violations: <none>

TIMING-16#13 Warning
Large setup violation  
There is a large setup violation of -20.867 ns between dds_inst/fcw_send_buf_reg[7]/C (clocked by clk_out1_pll_50m_to_100m) and dds_inst/uart_tx_data_reg[3]/D (clocked by clk_out1_pll_50m_to_100m). Large setup violations at the end of those stages might be difficult to fix during the post-placement implementation flow and could be the result of non-optimal XDC constraints or non-optimal design architecture
Related violations: <none>

TIMING-16#14 Warning
Large setup violation  
There is a large setup violation of -20.887 ns between dds_inst/fcw_send_buf_reg[7]/C (clocked by clk_out1_pll_50m_to_100m) and dds_inst/uart_tx_data_reg[2]/D (clocked by clk_out1_pll_50m_to_100m). Large setup violations at the end of those stages might be difficult to fix during the post-placement implementation flow and could be the result of non-optimal XDC constraints or non-optimal design architecture
Related violations: <none>

TIMING-16#15 Warning
Large setup violation  
There is a large setup violation of -21.011 ns between dds_inst/fcw_send_buf_reg[7]/C (clocked by clk_out1_pll_50m_to_100m) and dds_inst/uart_tx_data_reg[1]/D (clocked by clk_out1_pll_50m_to_100m). Large setup violations at the end of those stages might be difficult to fix during the post-placement implementation flow and could be the result of non-optimal XDC constraints or non-optimal design architecture
Related violations: <none>

TIMING-16#16 Warning
Large setup violation  
There is a large setup violation of -3.041 ns between dds_inst/hmi_recv_inst/dig_reg[0][5]/C (clocked by clk_out1_pll_50m_to_100m) and dds_inst/hmi_recv_inst/HMI_Num_reg[15]/D (clocked by clk_out1_pll_50m_to_100m). Large setup violations at the end of those stages might be difficult to fix during the post-placement implementation flow and could be the result of non-optimal XDC constraints or non-optimal design architecture
Related violations: <none>

TIMING-16#17 Warning
Large setup violation  
There is a large setup violation of -3.062 ns between dds_inst/hmi_recv_inst/dig_reg[0][5]/C (clocked by clk_out1_pll_50m_to_100m) and dds_inst/hmi_recv_inst/HMI_Num_reg[13]/D (clocked by clk_out1_pll_50m_to_100m). Large setup violations at the end of those stages might be difficult to fix during the post-placement implementation flow and could be the result of non-optimal XDC constraints or non-optimal design architecture
Related violations: <none>

TIMING-16#18 Warning
Large setup violation  
There is a large setup violation of -3.065 ns between dds_inst/hmi_recv_inst/dig_reg[0][5]/C (clocked by clk_out1_pll_50m_to_100m) and dds_inst/hmi_recv_inst/HMI_Num_reg[16]/D (clocked by clk_out1_pll_50m_to_100m). Large setup violations at the end of those stages might be difficult to fix during the post-placement implementation flow and could be the result of non-optimal XDC constraints or non-optimal design architecture
Related violations: <none>

TIMING-16#19 Warning
Large setup violation  
There is a large setup violation of -3.081 ns between dds_inst/hmi_recv_inst/dig_reg[0][5]/C (clocked by clk_out1_pll_50m_to_100m) and dds_inst/hmi_recv_inst/HMI_Num_reg[18]/D (clocked by clk_out1_pll_50m_to_100m). Large setup violations at the end of those stages might be difficult to fix during the post-placement implementation flow and could be the result of non-optimal XDC constraints or non-optimal design architecture
Related violations: <none>

TIMING-16#20 Warning
Large setup violation  
There is a large setup violation of -3.155 ns between dds_inst/hmi_recv_inst/dig_reg[0][5]/C (clocked by clk_out1_pll_50m_to_100m) and dds_inst/hmi_recv_inst/HMI_Num_reg[19]/D (clocked by clk_out1_pll_50m_to_100m). Large setup violations at the end of those stages might be difficult to fix during the post-placement implementation flow and could be the result of non-optimal XDC constraints or non-optimal design architecture
Related violations: <none>

TIMING-16#21 Warning
Large setup violation  
There is a large setup violation of -3.176 ns between dds_inst/hmi_recv_inst/dig_reg[0][5]/C (clocked by clk_out1_pll_50m_to_100m) and dds_inst/hmi_recv_inst/HMI_Num_reg[17]/D (clocked by clk_out1_pll_50m_to_100m). Large setup violations at the end of those stages might be difficult to fix during the post-placement implementation flow and could be the result of non-optimal XDC constraints or non-optimal design architecture
Related violations: <none>

TIMING-16#22 Warning
Large setup violation  
There is a large setup violation of -3.179 ns between dds_inst/hmi_recv_inst/dig_reg[0][5]/C (clocked by clk_out1_pll_50m_to_100m) and dds_inst/hmi_recv_inst/HMI_Num_reg[20]/D (clocked by clk_out1_pll_50m_to_100m). Large setup violations at the end of those stages might be difficult to fix during the post-placement implementation flow and could be the result of non-optimal XDC constraints or non-optimal design architecture
Related violations: <none>

TIMING-16#23 Warning
Large setup violation  
There is a large setup violation of -3.263 ns between dds_inst/hmi_recv_inst/dig_reg[0][5]/C (clocked by clk_out1_pll_50m_to_100m) and dds_inst/hmi_recv_inst/HMI_Num_reg[22]/D (clocked by clk_out1_pll_50m_to_100m). Large setup violations at the end of those stages might be difficult to fix during the post-placement implementation flow and could be the result of non-optimal XDC constraints or non-optimal design architecture
Related violations: <none>

TIMING-16#24 Warning
Large setup violation  
There is a large setup violation of -3.290 ns between dds_inst/hmi_recv_inst/dig_reg[0][5]/C (clocked by clk_out1_pll_50m_to_100m) and dds_inst/hmi_recv_inst/HMI_Num_reg[21]/D (clocked by clk_out1_pll_50m_to_100m). Large setup violations at the end of those stages might be difficult to fix during the post-placement implementation flow and could be the result of non-optimal XDC constraints or non-optimal design architecture
Related violations: <none>

TIMING-16#25 Warning
Large setup violation  
There is a large setup violation of -3.487 ns between dds_inst/hmi_recv_inst/dig_reg[0][5]/C (clocked by clk_out1_pll_50m_to_100m) and dds_inst/hmi_recv_inst/HMI_Num_reg[23]/D (clocked by clk_out1_pll_50m_to_100m). Large setup violations at the end of those stages might be difficult to fix during the post-placement implementation flow and could be the result of non-optimal XDC constraints or non-optimal design architecture
Related violations: <none>

TIMING-16#26 Warning
Large setup violation  
There is a large setup violation of -3.669 ns between dds_inst/hmi_recv_inst/dig_reg[0][5]/C (clocked by clk_out1_pll_50m_to_100m) and dds_inst/hmi_recv_inst/HMI_Num_reg[24]/D (clocked by clk_out1_pll_50m_to_100m). Large setup violations at the end of those stages might be difficult to fix during the post-placement implementation flow and could be the result of non-optimal XDC constraints or non-optimal design architecture
Related violations: <none>

TIMING-16#27 Warning
Large setup violation  
There is a large setup violation of -3.685 ns between dds_inst/hmi_recv_inst/dig_reg[0][5]/C (clocked by clk_out1_pll_50m_to_100m) and dds_inst/hmi_recv_inst/HMI_Num_reg[26]/D (clocked by clk_out1_pll_50m_to_100m). Large setup violations at the end of those stages might be difficult to fix during the post-placement implementation flow and could be the result of non-optimal XDC constraints or non-optimal design architecture
Related violations: <none>

TIMING-16#28 Warning
Large setup violation  
There is a large setup violation of -3.759 ns between dds_inst/hmi_recv_inst/dig_reg[0][5]/C (clocked by clk_out1_pll_50m_to_100m) and dds_inst/hmi_recv_inst/HMI_Num_reg[27]/D (clocked by clk_out1_pll_50m_to_100m). Large setup violations at the end of those stages might be difficult to fix during the post-placement implementation flow and could be the result of non-optimal XDC constraints or non-optimal design architecture
Related violations: <none>

TIMING-16#29 Warning
Large setup violation  
There is a large setup violation of -3.780 ns between dds_inst/hmi_recv_inst/dig_reg[0][5]/C (clocked by clk_out1_pll_50m_to_100m) and dds_inst/hmi_recv_inst/HMI_Num_reg[25]/D (clocked by clk_out1_pll_50m_to_100m). Large setup violations at the end of those stages might be difficult to fix during the post-placement implementation flow and could be the result of non-optimal XDC constraints or non-optimal design architecture
Related violations: <none>

TIMING-16#30 Warning
Large setup violation  
There is a large setup violation of -3.857 ns between dds_inst/hmi_recv_inst/dig_reg[0][5]/C (clocked by clk_out1_pll_50m_to_100m) and dds_inst/hmi_recv_inst/HMI_Num_reg[28]/D (clocked by clk_out1_pll_50m_to_100m). Large setup violations at the end of those stages might be difficult to fix during the post-placement implementation flow and could be the result of non-optimal XDC constraints or non-optimal design architecture
Related violations: <none>

TIMING-16#31 Warning
Large setup violation  
There is a large setup violation of -3.968 ns between dds_inst/hmi_recv_inst/dig_reg[0][5]/C (clocked by clk_out1_pll_50m_to_100m) and dds_inst/hmi_recv_inst/HMI_Num_reg[29]/D (clocked by clk_out1_pll_50m_to_100m). Large setup violations at the end of those stages might be difficult to fix during the post-placement implementation flow and could be the result of non-optimal XDC constraints or non-optimal design architecture
Related violations: <none>

TIMING-16#32 Warning
Large setup violation  
There is a large setup violation of -4.002 ns between dds_inst/hmi_recv_inst/dig_reg[0][5]/C (clocked by clk_out1_pll_50m_to_100m) and dds_inst/hmi_recv_inst/HMI_Num_reg[30]/D (clocked by clk_out1_pll_50m_to_100m). Large setup violations at the end of those stages might be difficult to fix during the post-placement implementation flow and could be the result of non-optimal XDC constraints or non-optimal design architecture
Related violations: <none>

TIMING-16#33 Warning
Large setup violation  
There is a large setup violation of -4.061 ns between dds_inst/hmi_recv_inst/dig_reg[0][5]/C (clocked by clk_out1_pll_50m_to_100m) and dds_inst/hmi_recv_inst/HMI_Num_reg[31]/D (clocked by clk_out1_pll_50m_to_100m). Large setup violations at the end of those stages might be difficult to fix during the post-placement implementation flow and could be the result of non-optimal XDC constraints or non-optimal design architecture
Related violations: <none>


