Copyright 1986-2019 Xilinx, Inc. All Rights Reserved.
----------------------------------------------------------------------------------------------------------------------------------------------------------------------------------------------
| Tool Version     : Vivado v.2019.2 (win64) Build 2708876 Wed Nov  6 21:40:23 MST 2019
| Date             : Sat Jun 27 21:05:03 2026
| Host             : FAN running 64-bit major release  (build 9200)
| Command          : report_power -file DDS_Signal_Generator_top_power_routed.rpt -pb DDS_Signal_Generator_top_power_summary_routed.pb -rpx DDS_Signal_Generator_top_power_routed.rpx
| Design           : DDS_Signal_Generator_top
| Device           : xc7z010clg400-1
| Design State     : routed
| Grade            : commercial
| Process          : typical
| Characterization : Production
----------------------------------------------------------------------------------------------------------------------------------------------------------------------------------------------

Power Report

Table of Contents
-----------------
1. Summary
1.1 On-Chip Components
1.2 Power Supply Summary
1.3 Confidence Level
2. Settings
2.1 Environment
2.2 Clock Constraints
3. Detailed Reports
3.1 By Hierarchy

1. Summary
----------

+--------------------------+--------------+
| Total On-Chip Power (W)  | 1.861        |
| Design Power Budget (W)  | Unspecified* |
| Power Budget Margin (W)  | NA           |
| Dynamic (W)              | 1.737        |
| Device Static (W)        | 0.124        |
| Effective TJA (C/W)      | 11.5         |
| Max Ambient (C)          | 63.5         |
| Junction Temperature (C) | 46.5         |
| Confidence Level         | Low          |
| Setting File             | ---          |
| Simulation Activity File | ---          |
| Design Nets Matched      | NA           |
+--------------------------+--------------+
* Specify Design Power Budget using, set_operating_conditions -design_power_budget <value in Watts>


1.1 On-Chip Components
----------------------

+----------------+-----------+----------+-----------+-----------------+
| On-Chip        | Power (W) | Used     | Available | Utilization (%) |
+----------------+-----------+----------+-----------+-----------------+
| Clocks         |     0.003 |        6 |       --- |             --- |
| Slice Logic    |     0.033 |     3890 |       --- |             --- |
|   LUT as Logic |     0.031 |     2380 |     17600 |           13.52 |
|   CARRY4       |     0.002 |      418 |      4400 |            9.50 |
|   Register     |    <0.001 |      381 |     35200 |            1.08 |
|   F7/F8 Muxes  |    <0.001 |       16 |     17600 |            0.09 |
|   Others       |     0.000 |      154 |       --- |             --- |
| Signals        |     0.041 |     3350 |       --- |             --- |
| MMCM           |     0.105 |        1 |         2 |           50.00 |
| DSPs           |     0.005 |        8 |        80 |           10.00 |
| I/O            |     0.019 |       16 |       100 |           16.00 |
| PS7            |     1.531 |        1 |       --- |             --- |
| Static Power   |     0.124 |          |           |                 |
| Total          |     1.861 |          |           |                 |
+----------------+-----------+----------+-----------+-----------------+


1.2 Power Supply Summary
------------------------

+-----------+-------------+-----------+-------------+------------+
| Source    | Voltage (V) | Total (A) | Dynamic (A) | Static (A) |
+-----------+-------------+-----------+-------------+------------+
| Vccint    |       1.000 |     0.090 |       0.082 |      0.008 |
| Vccaux    |       1.800 |     0.068 |       0.059 |      0.009 |
| Vcco33    |       3.300 |     0.006 |       0.005 |      0.001 |
| Vcco25    |       2.500 |     0.000 |       0.000 |      0.000 |
| Vcco18    |       1.800 |     0.000 |       0.000 |      0.000 |
| Vcco15    |       1.500 |     0.000 |       0.000 |      0.000 |
| Vcco135   |       1.350 |     0.000 |       0.000 |      0.000 |
| Vcco12    |       1.200 |     0.000 |       0.000 |      0.000 |
| Vccaux_io |       1.800 |     0.000 |       0.000 |      0.000 |
| Vccbram   |       1.000 |     0.000 |       0.000 |      0.000 |
| MGTAVcc   |       1.000 |     0.000 |       0.000 |      0.000 |
| MGTAVtt   |       1.200 |     0.000 |       0.000 |      0.000 |
| MGTVccaux |       1.800 |     0.000 |       0.000 |      0.000 |
| Vccpint   |       1.000 |     0.754 |       0.722 |      0.032 |
| Vccpaux   |       1.800 |     0.061 |       0.050 |      0.010 |
| Vccpll    |       1.800 |     0.018 |       0.015 |      0.003 |
| Vcco_ddr  |       1.500 |     0.459 |       0.457 |      0.002 |
| Vcco_mio0 |       1.800 |     0.004 |       0.003 |      0.001 |
| Vcco_mio1 |       1.800 |     0.000 |       0.000 |      0.000 |
| Vccadc    |       1.800 |     0.020 |       0.000 |      0.020 |
+-----------+-------------+-----------+-------------+------------+


1.3 Confidence Level
--------------------

+-----------------------------+------------+--------------------------------------------------------+------------------------------------------------------------------------------------------------------------+
| User Input Data             | Confidence | Details                                                | Action                                                                                                     |
+-----------------------------+------------+--------------------------------------------------------+------------------------------------------------------------------------------------------------------------+
| Design implementation state | High       | Design is routed                                       |                                                                                                            |
| Clock nodes activity        | High       | User specified more than 95% of clocks                 |                                                                                                            |
| I/O nodes activity          | Low        | More than 75% of inputs are missing user specification | Provide missing input activity with simulation results or by editing the "By Resource Type -> I/Os" view   |
| Internal nodes activity     | Medium     | User specified less than 25% of internal nodes         | Provide missing internal nodes activity with simulation results or by editing the "By Resource Type" views |
| Device models               | High       | Device models are Production                           |                                                                                                            |
|                             |            |                                                        |                                                                                                            |
| Overall confidence level    | Low        |                                                        |                                                                                                            |
+-----------------------------+------------+--------------------------------------------------------+------------------------------------------------------------------------------------------------------------+


2. Settings
-----------

2.1 Environment
---------------

+-----------------------+------------------------+
| Ambient Temp (C)      | 25.0                   |
| ThetaJA (C/W)         | 11.5                   |
| Airflow (LFM)         | 250                    |
| Heat Sink             | none                   |
| ThetaSA (C/W)         | 0.0                    |
| Board Selection       | medium (10"x10")       |
| # of Board Layers     | 8to11 (8 to 11 Layers) |
| Board Temperature (C) | 25.0                   |
+-----------------------+------------------------+


2.2 Clock Constraints
---------------------

+--------------------------+-------------------------------------------------+-----------------+
| Clock                    | Domain                                          | Constraint (ns) |
+--------------------------+-------------------------------------------------+-----------------+
| clk_fpga_0               | ps7_i/ps7/inst/FCLK_CLK0                        |            20.0 |
| clk_fpga_0               | ps7_i/ps7/inst/FCLK_CLK_unbuffered[0]           |            20.0 |
| clk_out1_pll_50m_to_100m | dds_inst/pll_inst/inst/clk_out1_pll_50m_to_100m |            10.0 |
| clkfbout_pll_50m_to_100m | dds_inst/pll_inst/inst/clkfbout_pll_50m_to_100m |            20.0 |
+--------------------------+-------------------------------------------------+-----------------+


3. Detailed Reports
-------------------

3.1 By Hierarchy
----------------

+--------------------------+-----------+
| Name                     | Power (W) |
+--------------------------+-----------+
| DDS_Signal_Generator_top |     1.737 |
|   dds_inst               |     0.147 |
|     dds_core_inst        |     0.001 |
|     hmi_recv_inst        |     0.007 |
|     pll_inst             |     0.106 |
|       inst               |     0.106 |
|   ps7_i                  |     1.531 |
|     ps7                  |     1.531 |
|       inst               |     1.531 |
+--------------------------+-----------+


