#-----------------------------------------------------------
# Vivado v2019.2 (64-bit)
# SW Build 2708876 on Wed Nov  6 21:40:23 MST 2019
# IP Build 2700528 on Thu Nov  7 00:09:20 MST 2019
# Start of session at: Fri Jun 19 17:01:58 2026
# Process ID: 25548
# Current directory: D:/FPGAmoudle/--main/--main/vivado_project
# Command line: vivado.exe -gui_launcher_event rodinguilauncherevent33232 D:\FPGAmoudle\--main\--main\vivado_project\DDS_Signal_Generator.xpr
# Log file: D:/FPGAmoudle/--main/--main/vivado_project/vivado.log
# Journal file: D:/FPGAmoudle/--main/--main/vivado_project\vivado.jou
#-----------------------------------------------------------
Sourcing tcl script 'D:/tools/vivado/2019.2/scripts/Vivado_init.tcl'
start_gui
open_project D:/FPGAmoudle/--main/--main/vivado_project/DDS_Signal_Generator.xpr
Scanning sources...
Finished scanning sources
WARNING: [Project 1-509] GeneratedRun file for 'synth_1' not found
WARNING: [Project 1-509] GeneratedRun file for 'impl_1' not found
WARNING: [filemgmt 56-3] IPUserFilesDir: Could not find the directory 'D:/FPGAmoudle/--main/--main/vivado_project/DDS_Signal_Generator.ip_user_files'.
INFO: [IP_Flow 19-234] Refreshing IP repositories
INFO: [IP_Flow 19-1704] No user IP repositories specified
INFO: [IP_Flow 19-2313] Loaded Vivado IP repository 'D:/tools/vivado/2019.2/data/ip'.
WARNING: [IP_Flow 19-3664] IP 'ila_0' generated file not found 'd:/FPGAmoudle/--main/--main/vivado_project/DDS_Signal_Generator.srcs/sources_1/ip/ila_0/ila_0.veo'. Please regenerate to continue.
WARNING: [IP_Flow 19-3664] IP 'ila_0' generated file not found 'd:/FPGAmoudle/--main/--main/vivado_project/DDS_Signal_Generator.srcs/sources_1/ip/ila_0/hdl/verilog/ltlib_v1_0_0_ver.vh'. Please regenerate to continue.
WARNING: [IP_Flow 19-3664] IP 'ila_0' generated file not found 'd:/FPGAmoudle/--main/--main/vivado_project/DDS_Signal_Generator.srcs/sources_1/ip/ila_0/hdl/verilog/ltlib_v1_0_0_lib_fn.vh'. Please regenerate to continue.
WARNING: [IP_Flow 19-3664] IP 'ila_0' generated file not found 'd:/FPGAmoudle/--main/--main/vivado_project/DDS_Signal_Generator.srcs/sources_1/ip/ila_0/hdl/ltlib_v1_0_vl_rfs.v'. Please regenerate to continue.
WARNING: [IP_Flow 19-3664] IP 'ila_0' generated file not found 'd:/FPGAmoudle/--main/--main/vivado_project/DDS_Signal_Generator.srcs/sources_1/ip/ila_0/hdl/verilog/xsdbs_v1_0_2_i2x.vh'. Please regenerate to continue.
WARNING: [IP_Flow 19-3664] IP 'ila_0' generated file not found 'd:/FPGAmoudle/--main/--main/vivado_project/DDS_Signal_Generator.srcs/sources_1/ip/ila_0/hdl/verilog/xsdbs_v1_0_2_in.vh'. Please regenerate to continue.
WARNING: [IP_Flow 19-3664] IP 'ila_0' generated file not found 'd:/FPGAmoudle/--main/--main/vivado_project/DDS_Signal_Generator.srcs/sources_1/ip/ila_0/hdl/xsdbs_v1_0_vl_rfs.v'. Please regenerate to continue.
WARNING: [IP_Flow 19-3664] IP 'ila_0' generated file not found 'd:/FPGAmoudle/--main/--main/vivado_project/DDS_Signal_Generator.srcs/sources_1/ip/ila_0/hdl/blk_mem_gen_v8_3_vhsyn_rfs.vhd'. Please regenerate to continue.
WARNING: [IP_Flow 19-3664] IP 'ila_0' generated file not found 'd:/FPGAmoudle/--main/--main/vivado_project/DDS_Signal_Generator.srcs/sources_1/ip/ila_0/hdl/fifo_generator_v13_1_vhsyn_rfs.vhd'. Please regenerate to continue.
WARNING: [IP_Flow 19-3664] IP 'ila_0' generated file not found 'd:/FPGAmoudle/--main/--main/vivado_project/DDS_Signal_Generator.srcs/sources_1/ip/ila_0/hdl/verilog/xsdbm_v3_0_0_i2x.vh'. Please regenerate to continue.
WARNING: [IP_Flow 19-3664] IP 'ila_0' generated file not found 'd:/FPGAmoudle/--main/--main/vivado_project/DDS_Signal_Generator.srcs/sources_1/ip/ila_0/hdl/verilog/xsdbm_v3_0_0_in.vh'. Please regenerate to continue.
WARNING: [IP_Flow 19-3664] IP 'ila_0' generated file not found 'd:/FPGAmoudle/--main/--main/vivado_project/DDS_Signal_Generator.srcs/sources_1/ip/ila_0/hdl/verilog/xsdbm_v3_0_0_icn.vh'. Please regenerate to continue.
WARNING: [IP_Flow 19-3664] IP 'ila_0' generated file not found 'd:/FPGAmoudle/--main/--main/vivado_project/DDS_Signal_Generator.srcs/sources_1/ip/ila_0/hdl/verilog/xsdbm_v3_0_0_bs.vh'. Please regenerate to continue.
WARNING: [IP_Flow 19-3664] IP 'ila_0' generated file not found 'd:/FPGAmoudle/--main/--main/vivado_project/DDS_Signal_Generator.srcs/sources_1/ip/ila_0/hdl/verilog/xsdbm_v3_0_0_bs_ext.vh'. Please regenerate to continue.
WARNING: [IP_Flow 19-3664] IP 'ila_0' generated file not found 'd:/FPGAmoudle/--main/--main/vivado_project/DDS_Signal_Generator.srcs/sources_1/ip/ila_0/hdl/verilog/xsdbm_v3_0_0_bs_core.vh'. Please regenerate to continue.
WARNING: [IP_Flow 19-3664] IP 'ila_0' generated file not found 'd:/FPGAmoudle/--main/--main/vivado_project/DDS_Signal_Generator.srcs/sources_1/ip/ila_0/hdl/verilog/xsdbm_v3_0_0_bs_core_ext.vh'. Please regenerate to continue.
WARNING: [IP_Flow 19-3664] IP 'ila_0' generated file not found 'd:/FPGAmoudle/--main/--main/vivado_project/DDS_Signal_Generator.srcs/sources_1/ip/ila_0/hdl/verilog/xsdbm_v3_0_0_bs_ports.vh'. Please regenerate to continue.
WARNING: [IP_Flow 19-3664] IP 'ila_0' generated file not found 'd:/FPGAmoudle/--main/--main/vivado_project/DDS_Signal_Generator.srcs/sources_1/ip/ila_0/hdl/verilog/xsdbm_v3_0_0_bsid_ports.vh'. Please regenerate to continue.
WARNING: [IP_Flow 19-3664] IP 'ila_0' generated file not found 'd:/FPGAmoudle/--main/--main/vivado_project/DDS_Signal_Generator.srcs/sources_1/ip/ila_0/hdl/verilog/xsdbm_v3_0_0_bsid_vec_ports.vh'. Please regenerate to continue.
WARNING: [IP_Flow 19-3664] IP 'ila_0' generated file not found 'd:/FPGAmoudle/--main/--main/vivado_project/DDS_Signal_Generator.srcs/sources_1/ip/ila_0/hdl/verilog/xsdbm_v3_0_0_bs_vec.vh'. Please regenerate to continue.
WARNING: [IP_Flow 19-3664] IP 'ila_0' generated file not found 'd:/FPGAmoudle/--main/--main/vivado_project/DDS_Signal_Generator.srcs/sources_1/ip/ila_0/hdl/verilog/xsdbm_v3_0_0_bs_core_vec.vh'. Please regenerate to continue.
WARNING: [IP_Flow 19-3664] IP 'ila_0' generated file not found 'd:/FPGAmoudle/--main/--main/vivado_project/DDS_Signal_Generator.srcs/sources_1/ip/ila_0/hdl/verilog/xsdbm_v3_0_0_sl_prt_map.vh'. Please regenerate to continue.
WARNING: [IP_Flow 19-3664] IP 'ila_0' generated file not found 'd:/FPGAmoudle/--main/--main/vivado_project/DDS_Signal_Generator.srcs/sources_1/ip/ila_0/hdl/verilog/xsdbm_v3_0_0_id_map.vh'. Please regenerate to continue.
WARNING: [IP_Flow 19-3664] IP 'ila_0' generated file not found 'd:/FPGAmoudle/--main/--main/vivado_project/DDS_Signal_Generator.srcs/sources_1/ip/ila_0/hdl/verilog/xsdbm_v3_0_0_id_vec_map.vh'. Please regenerate to continue.
WARNING: [IP_Flow 19-3664] IP 'ila_0' generated file not found 'd:/FPGAmoudle/--main/--main/vivado_project/DDS_Signal_Generator.srcs/sources_1/ip/ila_0/hdl/xsdbm_v3_0_vl_rfs.v'. Please regenerate to continue.
WARNING: [IP_Flow 19-3664] IP 'ila_0' generated file not found 'd:/FPGAmoudle/--main/--main/vivado_project/DDS_Signal_Generator.srcs/sources_1/ip/ila_0/hdl/blk_mem_gen_v8_4_vhsyn_rfs.vhd'. Please regenerate to continue.
WARNING: [IP_Flow 19-3664] IP 'ila_0' generated file not found 'd:/FPGAmoudle/--main/--main/vivado_project/DDS_Signal_Generator.srcs/sources_1/ip/ila_0/hdl/verilog/ila_v6_2_10_ila_ver.vh'. Please regenerate to continue.
WARNING: [IP_Flow 19-3664] IP 'ila_0' generated file not found 'd:/FPGAmoudle/--main/--main/vivado_project/DDS_Signal_Generator.srcs/sources_1/ip/ila_0/hdl/ila_v6_2_syn_rfs.v'. Please regenerate to continue.
WARNING: [IP_Flow 19-3664] IP 'ila_0' generated file not found 'd:/FPGAmoudle/--main/--main/vivado_project/DDS_Signal_Generator.srcs/sources_1/ip/ila_0/hdl/verilog/ila_v6_2_10_ila_in.vh'. Please regenerate to continue.
WARNING: [IP_Flow 19-3664] IP 'ila_0' generated file not found 'd:/FPGAmoudle/--main/--main/vivado_project/DDS_Signal_Generator.srcs/sources_1/ip/ila_0/hdl/verilog/ila_v6_2_10_ila_param.vh'. Please regenerate to continue.
WARNING: [IP_Flow 19-3664] IP 'ila_0' generated file not found 'd:/FPGAmoudle/--main/--main/vivado_project/DDS_Signal_Generator.srcs/sources_1/ip/ila_0/hdl/verilog/ila_v6_2_10_ila_lparam.vh'. Please regenerate to continue.
WARNING: [IP_Flow 19-3664] IP 'ila_0' generated file not found 'd:/FPGAmoudle/--main/--main/vivado_project/DDS_Signal_Generator.srcs/sources_1/ip/ila_0/hdl/verilog/ila_v6_2_10_ila_lib_fn.vh'. Please regenerate to continue.
WARNING: [IP_Flow 19-3664] IP 'ila_0' generated file not found 'd:/FPGAmoudle/--main/--main/vivado_project/DDS_Signal_Generator.srcs/sources_1/ip/ila_0/ila_v6_2/constraints/ila.xdc'. Please regenerate to continue.
WARNING: [IP_Flow 19-3664] IP 'ila_0' generated file not found 'd:/FPGAmoudle/--main/--main/vivado_project/DDS_Signal_Generator.srcs/sources_1/ip/ila_0/ila_0_ooc.xdc'. Please regenerate to continue.
WARNING: [IP_Flow 19-3664] IP 'ila_0' generated file not found 'd:/FPGAmoudle/--main/--main/vivado_project/DDS_Signal_Generator.srcs/sources_1/ip/ila_0/synth/ila_0.v'. Please regenerate to continue.
WARNING: [IP_Flow 19-3664] IP 'ila_0' generated file not found 'd:/FPGAmoudle/--main/--main/vivado_project/DDS_Signal_Generator.srcs/sources_1/ip/ila_0/sim/ila_0.v'. Please regenerate to continue.
WARNING: [IP_Flow 19-3664] IP 'ila_0' generated file not found 'd:/FPGAmoudle/--main/--main/vivado_project/DDS_Signal_Generator.srcs/sources_1/ip/ila_0/ila_v6_2/constraints/ila_impl.xdc'. Please regenerate to continue.
WARNING: [IP_Flow 19-3664] IP 'ila_0' generated file not found 'd:/FPGAmoudle/--main/--main/vivado_project/DDS_Signal_Generator.srcs/sources_1/ip/ila_0/doc/ila_v6_2_changelog.txt'. Please regenerate to continue.
WARNING: [IP_Flow 19-3664] IP 'pll_50m_to_100m' generated file not found 'd:/FPGAmoudle/--main/--main/vivado_project/DDS_Signal_Generator.srcs/sources_1/ip/pll_50m_to_100m/pll_50m_to_100m.veo'. Please regenerate to continue.
WARNING: [IP_Flow 19-3664] IP 'pll_50m_to_100m' generated file not found 'd:/FPGAmoudle/--main/--main/vivado_project/DDS_Signal_Generator.srcs/sources_1/ip/pll_50m_to_100m/pll_50m_to_100m.xdc'. Please regenerate to continue.
WARNING: [IP_Flow 19-3664] IP 'pll_50m_to_100m' generated file not found 'd:/FPGAmoudle/--main/--main/vivado_project/DDS_Signal_Generator.srcs/sources_1/ip/pll_50m_to_100m/pll_50m_to_100m_ooc.xdc'. Please regenerate to continue.
WARNING: [IP_Flow 19-3664] IP 'pll_50m_to_100m' generated file not found 'd:/FPGAmoudle/--main/--main/vivado_project/DDS_Signal_Generator.srcs/sources_1/ip/pll_50m_to_100m/mmcm_pll_drp_func_7s_mmcm.vh'. Please regenerate to continue.
WARNING: [IP_Flow 19-3664] IP 'pll_50m_to_100m' generated file not found 'd:/FPGAmoudle/--main/--main/vivado_project/DDS_Signal_Generator.srcs/sources_1/ip/pll_50m_to_100m/mmcm_pll_drp_func_7s_pll.vh'. Please regenerate to continue.
WARNING: [IP_Flow 19-3664] IP 'pll_50m_to_100m' generated file not found 'd:/FPGAmoudle/--main/--main/vivado_project/DDS_Signal_Generator.srcs/sources_1/ip/pll_50m_to_100m/mmcm_pll_drp_func_us_mmcm.vh'. Please regenerate to continue.
WARNING: [IP_Flow 19-3664] IP 'pll_50m_to_100m' generated file not found 'd:/FPGAmoudle/--main/--main/vivado_project/DDS_Signal_Generator.srcs/sources_1/ip/pll_50m_to_100m/mmcm_pll_drp_func_us_pll.vh'. Please regenerate to continue.
WARNING: [IP_Flow 19-3664] IP 'pll_50m_to_100m' generated file not found 'd:/FPGAmoudle/--main/--main/vivado_project/DDS_Signal_Generator.srcs/sources_1/ip/pll_50m_to_100m/mmcm_pll_drp_func_us_plus_pll.vh'. Please regenerate to continue.
WARNING: [IP_Flow 19-3664] IP 'pll_50m_to_100m' generated file not found 'd:/FPGAmoudle/--main/--main/vivado_project/DDS_Signal_Generator.srcs/sources_1/ip/pll_50m_to_100m/mmcm_pll_drp_func_us_plus_mmcm.vh'. Please regenerate to continue.
WARNING: [IP_Flow 19-3664] IP 'pll_50m_to_100m' generated file not found 'd:/FPGAmoudle/--main/--main/vivado_project/DDS_Signal_Generator.srcs/sources_1/ip/pll_50m_to_100m/pll_50m_to_100m_clk_wiz.v'. Please regenerate to continue.
WARNING: [IP_Flow 19-3664] IP 'pll_50m_to_100m' generated file not found 'd:/FPGAmoudle/--main/--main/vivado_project/DDS_Signal_Generator.srcs/sources_1/ip/pll_50m_to_100m/pll_50m_to_100m.v'. Please regenerate to continue.
WARNING: [IP_Flow 19-3664] IP 'pll_50m_to_100m' generated file not found 'd:/FPGAmoudle/--main/--main/vivado_project/DDS_Signal_Generator.srcs/sources_1/ip/pll_50m_to_100m/mmcm_pll_drp_func_7s_mmcm.vh'. Please regenerate to continue.
WARNING: [IP_Flow 19-3664] IP 'pll_50m_to_100m' generated file not found 'd:/FPGAmoudle/--main/--main/vivado_project/DDS_Signal_Generator.srcs/sources_1/ip/pll_50m_to_100m/mmcm_pll_drp_func_7s_pll.vh'. Please regenerate to continue.
WARNING: [IP_Flow 19-3664] IP 'pll_50m_to_100m' generated file not found 'd:/FPGAmoudle/--main/--main/vivado_project/DDS_Signal_Generator.srcs/sources_1/ip/pll_50m_to_100m/mmcm_pll_drp_func_us_mmcm.vh'. Please regenerate to continue.
WARNING: [IP_Flow 19-3664] IP 'pll_50m_to_100m' generated file not found 'd:/FPGAmoudle/--main/--main/vivado_project/DDS_Signal_Generator.srcs/sources_1/ip/pll_50m_to_100m/mmcm_pll_drp_func_us_pll.vh'. Please regenerate to continue.
WARNING: [IP_Flow 19-3664] IP 'pll_50m_to_100m' generated file not found 'd:/FPGAmoudle/--main/--main/vivado_project/DDS_Signal_Generator.srcs/sources_1/ip/pll_50m_to_100m/mmcm_pll_drp_func_us_plus_pll.vh'. Please regenerate to continue.
WARNING: [IP_Flow 19-3664] IP 'pll_50m_to_100m' generated file not found 'd:/FPGAmoudle/--main/--main/vivado_project/DDS_Signal_Generator.srcs/sources_1/ip/pll_50m_to_100m/mmcm_pll_drp_func_us_plus_mmcm.vh'. Please regenerate to continue.
WARNING: [IP_Flow 19-3664] IP 'pll_50m_to_100m' generated file not found 'd:/FPGAmoudle/--main/--main/vivado_project/DDS_Signal_Generator.srcs/sources_1/ip/pll_50m_to_100m/pll_50m_to_100m_clk_wiz.v'. Please regenerate to continue.
WARNING: [IP_Flow 19-3664] IP 'pll_50m_to_100m' generated file not found 'd:/FPGAmoudle/--main/--main/vivado_project/DDS_Signal_Generator.srcs/sources_1/ip/pll_50m_to_100m/pll_50m_to_100m.v'. Please regenerate to continue.
WARNING: [IP_Flow 19-3664] IP 'pll_50m_to_100m' generated file not found 'd:/FPGAmoudle/--main/--main/vivado_project/DDS_Signal_Generator.srcs/sources_1/ip/pll_50m_to_100m/pll_50m_to_100m_board.xdc'. Please regenerate to continue.
WARNING: [IP_Flow 19-3664] IP 'pll_50m_to_100m' generated file not found 'd:/FPGAmoudle/--main/--main/vivado_project/DDS_Signal_Generator.srcs/sources_1/ip/pll_50m_to_100m/doc/clk_wiz_v6_0_changelog.txt'. Please regenerate to continue.
open_project: Time (s): cpu = 00:00:14 ; elapsed = 00:00:08 . Memory (MB): peak = 967.156 ; gain = 290.684
update_compile_order -fileset sources_1
