
*** Running vivado
    with args -log DDS_Signal_Generator.vds -m64 -product Vivado -mode batch -messageDb vivado.pb -notrace -source DDS_Signal_Generator.tcl


****** Vivado v2019.2 (64-bit)
  **** SW Build 2708876 on Wed Nov  6 21:40:23 MST 2019
  **** IP Build 2700528 on Thu Nov  7 00:09:20 MST 2019
    ** Copyright 1986-2019 Xilinx, Inc. All Rights Reserved.

Sourcing tcl script 'D:/tools/vivado/2019.2/scripts/Vivado_init.tcl'
source DDS_Signal_Generator.tcl -notrace
Command: synth_design -top DDS_Signal_Generator -part xc7z010clg400-1
Starting synth_design
Attempting to get a license for feature 'Synthesis' and/or device 'xc7z010'
INFO: [Common 17-349] Got license for feature 'Synthesis' and/or device 'xc7z010'
INFO: [Device 21-403] Loading part xc7z010clg400-1
INFO: Launching helper process for spawning children vivado processes
INFO: Helper process launched with PID 32628 
---------------------------------------------------------------------------------
Starting RTL Elaboration : Time (s): cpu = 00:00:03 ; elapsed = 00:00:04 . Memory (MB): peak = 1000.422 ; gain = 240.434
---------------------------------------------------------------------------------
INFO: [Synth 8-6157] synthesizing module 'DDS_Signal_Generator' [D:/FPGAmoudle/--main/--main/vivado_project_pl_only/rtl/DDS_Signal_Generator.v:5]
	Parameter BYTE_INTERVAL bound to: 499999 - type: integer 
INFO: [Synth 8-6157] synthesizing module 'pll_50m_to_100m' [D:/FPGAmoudle/--main/--main/vivado_project_pl_only/DDS_Signal_Generator_PL/DDS_Signal_Generator_PL.runs/synth_1/.Xil/Vivado-23332-FAN/realtime/pll_50m_to_100m_stub.v:5]
INFO: [Synth 8-6155] done synthesizing module 'pll_50m_to_100m' (1#1) [D:/FPGAmoudle/--main/--main/vivado_project_pl_only/DDS_Signal_Generator_PL/DDS_Signal_Generator_PL.runs/synth_1/.Xil/Vivado-23332-FAN/realtime/pll_50m_to_100m_stub.v:5]
INFO: [Synth 8-6157] synthesizing module 'Key_Control' [D:/FPGAmoudle/--main/--main/vivado_project_pl_only/rtl/Key_Control.v:3]
	Parameter FCW_DEFAULT bound to: 0 - type: integer 
	Parameter FCW_STEP bound to: 107374 - type: integer 
	Parameter FCW_MIN bound to: 10737 - type: integer 
INFO: [Synth 8-6155] done synthesizing module 'Key_Control' (2#1) [D:/FPGAmoudle/--main/--main/vivado_project_pl_only/rtl/Key_Control.v:3]
INFO: [Synth 8-6157] synthesizing module 'HMI_Recv' [D:/FPGAmoudle/--main/--main/vivado_project_pl_only/rtl/HMI_Recv.v:6]
INFO: [Synth 8-6157] synthesizing module 'HMI_UARX' [D:/FPGAmoudle/--main/--main/vivado_project_pl_only/rtl/HMI_UARX.v:4]
	Parameter CLK_FREQ bound to: 100000000 - type: integer 
	Parameter UART_BPS bound to: 9600 - type: integer 
	Parameter BPS_CNT bound to: 10416 - type: integer 
INFO: [Synth 8-6155] done synthesizing module 'HMI_UARX' (3#1) [D:/FPGAmoudle/--main/--main/vivado_project_pl_only/rtl/HMI_UARX.v:4]
INFO: [Synth 8-6155] done synthesizing module 'HMI_Recv' (4#1) [D:/FPGAmoudle/--main/--main/vivado_project_pl_only/rtl/HMI_Recv.v:6]
INFO: [Synth 8-6157] synthesizing module 'DDS_Core' [D:/FPGAmoudle/--main/--main/vivado_project_pl_only/rtl/DDS_Core.v:4]
INFO: [Synth 8-6155] done synthesizing module 'DDS_Core' (5#1) [D:/FPGAmoudle/--main/--main/vivado_project_pl_only/rtl/DDS_Core.v:4]
INFO: [Synth 8-6157] synthesizing module 'HMI_UARTX' [D:/FPGAmoudle/--main/--main/vivado_project_pl_only/rtl/HMI_UARTX.v:3]
	Parameter UART_BPS bound to: 9600 - type: integer 
	Parameter CLK_FREQ bound to: 100000000 - type: integer 
	Parameter BAUD_CNT_MAX bound to: 10416 - type: integer 
INFO: [Synth 8-6155] done synthesizing module 'HMI_UARTX' (6#1) [D:/FPGAmoudle/--main/--main/vivado_project_pl_only/rtl/HMI_UARTX.v:3]
WARNING: [Synth 8-4446] all outputs are unconnected for this instance and logic may be removed [D:/FPGAmoudle/--main/--main/vivado_project_pl_only/rtl/DDS_Signal_Generator.v:224]
INFO: [Synth 8-6157] synthesizing module 'ila_0' [D:/FPGAmoudle/--main/--main/vivado_project_pl_only/DDS_Signal_Generator_PL/DDS_Signal_Generator_PL.runs/synth_1/.Xil/Vivado-23332-FAN/realtime/ila_0_stub.v:6]
INFO: [Synth 8-6155] done synthesizing module 'ila_0' (7#1) [D:/FPGAmoudle/--main/--main/vivado_project_pl_only/DDS_Signal_Generator_PL/DDS_Signal_Generator_PL.runs/synth_1/.Xil/Vivado-23332-FAN/realtime/ila_0_stub.v:6]
INFO: [Synth 8-6071] Mark debug on the nets applies keep_hierarchy on instance 'dds_core_inst'. This will prevent further optimization [D:/FPGAmoudle/--main/--main/vivado_project_pl_only/rtl/DDS_Signal_Generator.v:70]
INFO: [Synth 8-6071] Mark debug on the nets applies keep_hierarchy on instance 'your_instance_name'. This will prevent further optimization [D:/FPGAmoudle/--main/--main/vivado_project_pl_only/rtl/DDS_Signal_Generator.v:224]
INFO: [Synth 8-6071] Mark debug on the nets applies keep_hierarchy on instance 'hmi_recv_inst'. This will prevent further optimization [D:/FPGAmoudle/--main/--main/vivado_project_pl_only/rtl/DDS_Signal_Generator.v:49]
INFO: [Synth 8-6155] done synthesizing module 'DDS_Signal_Generator' (8#1) [D:/FPGAmoudle/--main/--main/vivado_project_pl_only/rtl/DDS_Signal_Generator.v:5]
WARNING: [Synth 8-3917] design DDS_Signal_Generator has port led_uart driven by constant 0
---------------------------------------------------------------------------------
Finished RTL Elaboration : Time (s): cpu = 00:00:04 ; elapsed = 00:00:05 . Memory (MB): peak = 1076.457 ; gain = 316.469
---------------------------------------------------------------------------------

Report Check Netlist: 
+------+------------------+-------+---------+-------+------------------+
|      |Item              |Errors |Warnings |Status |Description       |
+------+------------------+-------+---------+-------+------------------+
|1     |multi_driven_nets |      0|        0|Passed |Multi driven nets |
+------+------------------+-------+---------+-------+------------------+
---------------------------------------------------------------------------------
Start Handling Custom Attributes
---------------------------------------------------------------------------------
---------------------------------------------------------------------------------
Finished Handling Custom Attributes : Time (s): cpu = 00:00:05 ; elapsed = 00:00:05 . Memory (MB): peak = 1076.457 ; gain = 316.469
---------------------------------------------------------------------------------
---------------------------------------------------------------------------------
Finished RTL Optimization Phase 1 : Time (s): cpu = 00:00:05 ; elapsed = 00:00:05 . Memory (MB): peak = 1076.457 ; gain = 316.469
---------------------------------------------------------------------------------
Netlist sorting complete. Time (s): cpu = 00:00:00 ; elapsed = 00:00:00.011 . Memory (MB): peak = 1076.457 ; gain = 0.000
INFO: [Project 1-570] Preparing netlist for logic optimization

Processing XDC Constraints
Initializing timing engine
Parsing XDC File [d:/FPGAmoudle/--main/--main/vivado_project_pl_only/DDS_Signal_Generator_PL/DDS_Signal_Generator_PL.srcs/sources_1/ip/ila_0/ila_0/ila_0_in_context.xdc] for cell 'your_instance_name'
Finished Parsing XDC File [d:/FPGAmoudle/--main/--main/vivado_project_pl_only/DDS_Signal_Generator_PL/DDS_Signal_Generator_PL.srcs/sources_1/ip/ila_0/ila_0/ila_0_in_context.xdc] for cell 'your_instance_name'
Parsing XDC File [d:/FPGAmoudle/--main/--main/vivado_project_pl_only/DDS_Signal_Generator_PL/DDS_Signal_Generator_PL.srcs/sources_1/ip/pll_50m_to_100m/pll_50m_to_100m/pll_50m_to_100m_in_context.xdc] for cell 'pll_inst'
Finished Parsing XDC File [d:/FPGAmoudle/--main/--main/vivado_project_pl_only/DDS_Signal_Generator_PL/DDS_Signal_Generator_PL.srcs/sources_1/ip/pll_50m_to_100m/pll_50m_to_100m/pll_50m_to_100m_in_context.xdc] for cell 'pll_inst'
Parsing XDC File [D:/FPGAmoudle/--main/--main/vivado_project_pl_only/DDS_Signal_Generator.xdc]
Finished Parsing XDC File [D:/FPGAmoudle/--main/--main/vivado_project_pl_only/DDS_Signal_Generator.xdc]
INFO: [Project 1-236] Implementation specific constraints were found while reading constraint file [D:/FPGAmoudle/--main/--main/vivado_project_pl_only/DDS_Signal_Generator.xdc]. These constraints will be ignored for synthesis but will be used in implementation. Impacted constraints are listed in the file [.Xil/DDS_Signal_Generator_propImpl.xdc].
Resolution: To avoid this warning, move constraints listed in [.Xil/DDS_Signal_Generator_propImpl.xdc] to another XDC file and exclude this new file from synthesis with the used_in_synthesis property (File Properties dialog in GUI) and re-run elaboration/synthesis.
Completed Processing XDC Constraints

Netlist sorting complete. Time (s): cpu = 00:00:00 ; elapsed = 00:00:00 . Memory (MB): peak = 1186.242 ; gain = 0.000
INFO: [Project 1-111] Unisim Transformation Summary:
No Unisim elements were transformed.

Constraint Validation Runtime : Time (s): cpu = 00:00:00 ; elapsed = 00:00:00.010 . Memory (MB): peak = 1186.242 ; gain = 0.000
---------------------------------------------------------------------------------
Finished Constraint Validation : Time (s): cpu = 00:00:10 ; elapsed = 00:00:11 . Memory (MB): peak = 1186.242 ; gain = 426.254
---------------------------------------------------------------------------------
---------------------------------------------------------------------------------
Start Loading Part and Timing Information
---------------------------------------------------------------------------------
Loading part: xc7z010clg400-1
---------------------------------------------------------------------------------
Finished Loading Part and Timing Information : Time (s): cpu = 00:00:10 ; elapsed = 00:00:11 . Memory (MB): peak = 1186.242 ; gain = 426.254
---------------------------------------------------------------------------------
---------------------------------------------------------------------------------
Start Applying 'set_property' XDC Constraints
---------------------------------------------------------------------------------
Applied set_property IO_BUFFER_TYPE = NONE for clk_50mhz. (constraint file  d:/FPGAmoudle/--main/--main/vivado_project_pl_only/DDS_Signal_Generator_PL/DDS_Signal_Generator_PL.srcs/sources_1/ip/pll_50m_to_100m/pll_50m_to_100m/pll_50m_to_100m_in_context.xdc, line 3).
Applied set_property CLOCK_BUFFER_TYPE = NONE for clk_50mhz. (constraint file  d:/FPGAmoudle/--main/--main/vivado_project_pl_only/DDS_Signal_Generator_PL/DDS_Signal_Generator_PL.srcs/sources_1/ip/pll_50m_to_100m/pll_50m_to_100m/pll_50m_to_100m_in_context.xdc, line 4).
Applied set_property DONT_TOUCH = true for your_instance_name. (constraint file  auto generated constraint, line ).
Applied set_property DONT_TOUCH = true for pll_inst. (constraint file  auto generated constraint, line ).
---------------------------------------------------------------------------------
Finished applying 'set_property' XDC Constraints : Time (s): cpu = 00:00:10 ; elapsed = 00:00:11 . Memory (MB): peak = 1186.242 ; gain = 426.254
---------------------------------------------------------------------------------
INFO: [Synth 8-5546] ROM "dig" won't be mapped to RAM because it is too sparse
INFO: [Synth 8-5546] ROM "dig" won't be mapped to RAM because it is too sparse
INFO: [Synth 8-5546] ROM "dig" won't be mapped to RAM because it is too sparse
INFO: [Synth 8-5546] ROM "dig" won't be mapped to RAM because it is too sparse
INFO: [Synth 8-5546] ROM "dig" won't be mapped to RAM because it is too sparse
INFO: [Synth 8-5546] ROM "dig" won't be mapped to RAM because it is too sparse
---------------------------------------------------------------------------------
Finished RTL Optimization Phase 2 : Time (s): cpu = 00:00:10 ; elapsed = 00:00:12 . Memory (MB): peak = 1186.242 ; gain = 426.254
---------------------------------------------------------------------------------

Report RTL Partitions: 
+-+--------------+------------+----------+
| |RTL Partition |Replication |Instances |
+-+--------------+------------+----------+
+-+--------------+------------+----------+
---------------------------------------------------------------------------------
Start RTL Component Statistics 
---------------------------------------------------------------------------------
Detailed RTL Component Info : 
+---Adders : 
	   2 Input     32 Bit       Adders := 8     
	   6 Input     32 Bit       Adders := 1     
	   2 Input     14 Bit       Adders := 1     
	   2 Input      8 Bit       Adders := 1     
	   2 Input      4 Bit       Adders := 3     
	   2 Input      2 Bit       Adders := 1     
+---Registers : 
	               32 Bit    Registers := 6     
	               16 Bit    Registers := 1     
	                8 Bit    Registers := 11    
	                4 Bit    Registers := 3     
	                3 Bit    Registers := 2     
	                2 Bit    Registers := 3     
	                1 Bit    Registers := 21    
+---Multipliers : 
	                27x32  Multipliers := 1     
	                19x32  Multipliers := 1     
	                16x32  Multipliers := 1     
	                13x32  Multipliers := 1     
	                 9x32  Multipliers := 1     
	                 6x32  Multipliers := 1     
	                23x32  Multipliers := 1     
+---Muxes : 
	   4 Input     32 Bit        Muxes := 1     
	   2 Input     32 Bit        Muxes := 4     
	   2 Input     14 Bit        Muxes := 2     
	   2 Input      8 Bit        Muxes := 4     
	   4 Input      8 Bit        Muxes := 1     
	   4 Input      7 Bit        Muxes := 3     
	   2 Input      4 Bit        Muxes := 5     
	   2 Input      2 Bit        Muxes := 1     
	   2 Input      1 Bit        Muxes := 23    
	   4 Input      1 Bit        Muxes := 2     
	  10 Input      1 Bit        Muxes := 8     
	  13 Input      1 Bit        Muxes := 1     
---------------------------------------------------------------------------------
Finished RTL Component Statistics 
---------------------------------------------------------------------------------
---------------------------------------------------------------------------------
Start RTL Hierarchical Component Statistics 
---------------------------------------------------------------------------------
Hierarchical RTL Component report 
Module DDS_Signal_Generator 
Detailed RTL Component Info : 
+---Adders : 
	   2 Input     32 Bit       Adders := 2     
	   2 Input      4 Bit       Adders := 1     
+---Registers : 
	               32 Bit    Registers := 3     
	                8 Bit    Registers := 1     
	                4 Bit    Registers := 1     
	                2 Bit    Registers := 1     
	                1 Bit    Registers := 7     
+---Multipliers : 
	                27x32  Multipliers := 1     
+---Muxes : 
	   2 Input     32 Bit        Muxes := 4     
	   4 Input      7 Bit        Muxes := 3     
	   2 Input      4 Bit        Muxes := 2     
	   2 Input      1 Bit        Muxes := 5     
	  13 Input      1 Bit        Muxes := 1     
Module Key_Control 
Detailed RTL Component Info : 
+---Adders : 
	   2 Input      2 Bit       Adders := 1     
+---Registers : 
	               32 Bit    Registers := 2     
	                3 Bit    Registers := 2     
	                2 Bit    Registers := 2     
	                1 Bit    Registers := 4     
+---Muxes : 
	   4 Input     32 Bit        Muxes := 1     
	   2 Input      2 Bit        Muxes := 1     
	   2 Input      1 Bit        Muxes := 3     
	   4 Input      1 Bit        Muxes := 2     
Module HMI_UARX 
Detailed RTL Component Info : 
+---Adders : 
	   2 Input     14 Bit       Adders := 1     
	   2 Input      4 Bit       Adders := 1     
+---Registers : 
	               16 Bit    Registers := 1     
	                8 Bit    Registers := 2     
	                4 Bit    Registers := 1     
	                1 Bit    Registers := 4     
+---Muxes : 
	   2 Input     14 Bit        Muxes := 2     
	   2 Input      8 Bit        Muxes := 3     
	   2 Input      4 Bit        Muxes := 1     
	   2 Input      1 Bit        Muxes := 3     
Module HMI_Recv 
Detailed RTL Component Info : 
+---Adders : 
	   2 Input     32 Bit       Adders := 6     
	   6 Input     32 Bit       Adders := 1     
+---Registers : 
	               32 Bit    Registers := 1     
	                8 Bit    Registers := 7     
	                1 Bit    Registers := 3     
+---Multipliers : 
	                19x32  Multipliers := 1     
	                16x32  Multipliers := 1     
	                13x32  Multipliers := 1     
	                 9x32  Multipliers := 1     
	                 6x32  Multipliers := 1     
	                23x32  Multipliers := 1     
+---Muxes : 
	   2 Input      4 Bit        Muxes := 1     
	   2 Input      1 Bit        Muxes := 9     
	  10 Input      1 Bit        Muxes := 8     
Module DDS_Core 
Detailed RTL Component Info : 
+---Adders : 
	   2 Input      8 Bit       Adders := 1     
+---Registers : 
	                8 Bit    Registers := 1     
+---Muxes : 
	   2 Input      8 Bit        Muxes := 1     
	   4 Input      8 Bit        Muxes := 1     
Module HMI_UARTX 
Detailed RTL Component Info : 
+---Adders : 
	   2 Input      4 Bit       Adders := 1     
+---Registers : 
	                4 Bit    Registers := 1     
	                1 Bit    Registers := 3     
+---Muxes : 
	   2 Input      4 Bit        Muxes := 1     
	   2 Input      1 Bit        Muxes := 3     
---------------------------------------------------------------------------------
Finished RTL Hierarchical Component Statistics
---------------------------------------------------------------------------------
---------------------------------------------------------------------------------
Start Part Resource Summary
---------------------------------------------------------------------------------
Part Resources:
DSPs: 80 (col length:40)
BRAMs: 120 (col length: RAMB18 40 RAMB36 20)
---------------------------------------------------------------------------------
Finished Part Resource Summary
---------------------------------------------------------------------------------
---------------------------------------------------------------------------------
Start Cross Boundary and Area Optimization
---------------------------------------------------------------------------------
Warning: Parallel synthesis criteria is not met 
INFO: [Synth 8-5845] Not enough pipeline registers after wide multiplier. Recommended levels of pipeline registers is 2 [D:/FPGAmoudle/--main/--main/vivado_project_pl_only/rtl/HMI_Recv.v:104]
INFO: [Synth 8-5845] Not enough pipeline registers after wide multiplier. Recommended levels of pipeline registers is 2 [D:/FPGAmoudle/--main/--main/vivado_project_pl_only/rtl/HMI_Recv.v:103]
DSP Report: Generating DSP HMI_Num5, operation Mode is: (A:0x68db9)*B.
DSP Report: operator HMI_Num5 is absorbed into DSP HMI_Num5.
DSP Report: operator HMI_Num5 is absorbed into DSP HMI_Num5.
DSP Report: Generating DSP HMI_Num5, operation Mode is: (PCIN>>17)+(A:0x68db9)*B.
DSP Report: operator HMI_Num5 is absorbed into DSP HMI_Num5.
DSP Report: operator HMI_Num5 is absorbed into DSP HMI_Num5.
DSP Report: Generating DSP HMI_Num5, operation Mode is: (A:0x418937)*B.
DSP Report: operator HMI_Num5 is absorbed into DSP HMI_Num5.
DSP Report: operator HMI_Num5 is absorbed into DSP HMI_Num5.
DSP Report: Generating DSP HMI_Num5, operation Mode is: (PCIN>>17)+(A:0x418937)*B.
DSP Report: operator HMI_Num5 is absorbed into DSP HMI_Num5.
DSP Report: operator HMI_Num5 is absorbed into DSP HMI_Num5.
INFO: [Synth 8-5845] Not enough pipeline registers after wide multiplier. Recommended levels of pipeline registers is 4 [D:/FPGAmoudle/--main/--main/vivado_project_pl_only/rtl/DDS_Signal_Generator.v:132]
DSP Report: Generating DSP freq_product, operation Mode is: (A:0x1e100)*B.
DSP Report: operator freq_product is absorbed into DSP freq_product.
DSP Report: operator freq_product is absorbed into DSP freq_product.
DSP Report: Generating DSP freq_product, operation Mode is: (PCIN>>17)+A*B.
DSP Report: operator freq_product is absorbed into DSP freq_product.
DSP Report: operator freq_product is absorbed into DSP freq_product.
DSP Report: Generating DSP freq_product, operation Mode is: A*(B:0x1e100).
DSP Report: operator freq_product is absorbed into DSP freq_product.
DSP Report: operator freq_product is absorbed into DSP freq_product.
DSP Report: Generating DSP freq_product, operation Mode is: (PCIN>>17)+A*B.
DSP Report: operator freq_product is absorbed into DSP freq_product.
DSP Report: operator freq_product is absorbed into DSP freq_product.
WARNING: [Synth 8-3917] design DDS_Signal_Generator has port led_uart driven by constant 0
INFO: [Synth 8-3333] propagating constant 0 across sequential element (key_ctrl_inst/\fcw_reg_reg[0] )
INFO: [Synth 8-3886] merging instance 'key_ctrl_inst/fcw_reg_reg[2]' (FDCE) to 'key_ctrl_inst/fcw_reg_reg[3]'
INFO: [Synth 8-3886] merging instance 'key_ctrl_inst/fcw_reg_reg[3]' (FDCE) to 'key_ctrl_inst/fcw_reg_reg[5]'
INFO: [Synth 8-3886] merging instance 'key_ctrl_inst/fcw_reg_reg[4]' (FDCE) to 'key_ctrl_inst/fcw_reg_reg[7]'
INFO: [Synth 8-3886] merging instance 'key_ctrl_inst/fcw_reg_reg[5]' (FDCE) to 'key_ctrl_inst/fcw_reg_reg[6]'
INFO: [Synth 8-3886] merging instance 'key_ctrl_inst/fcw_reg_reg[6]' (FDCE) to 'key_ctrl_inst/fcw_reg_reg[8]'
INFO: [Synth 8-3886] merging instance 'key_ctrl_inst/fcw_reg_reg[7]' (FDCE) to 'key_ctrl_inst/fcw_reg_reg[10]'
INFO: [Synth 8-3886] merging instance 'key_ctrl_inst/fcw_reg_reg[8]' (FDCE) to 'key_ctrl_inst/fcw_reg_reg[9]'
INFO: [Synth 8-3886] merging instance 'key_ctrl_inst/fcw_reg_reg[9]' (FDCE) to 'key_ctrl_inst/fcw_reg_reg[13]'
INFO: [Synth 8-3886] merging instance 'key_ctrl_inst/fcw_reg_reg[10]' (FDCE) to 'key_ctrl_inst/fcw_reg_reg[11]'
INFO: [Synth 8-3886] merging instance 'key_ctrl_inst/fcw_reg_reg[11]' (FDCE) to 'key_ctrl_inst/fcw_reg_reg[12]'
INFO: [Synth 8-3886] merging instance 'key_ctrl_inst/fcw_reg_reg[12]' (FDCE) to 'key_ctrl_inst/fcw_reg_reg[14]'
INFO: [Synth 8-3886] merging instance 'key_ctrl_inst/fcw_reg_reg[13]' (FDCE) to 'key_ctrl_inst/fcw_reg_reg[15]'
INFO: [Synth 8-3886] merging instance 'key_ctrl_inst/fcw_reg_reg[14]' (FDCE) to 'key_ctrl_inst/fcw_reg_reg[17]'
INFO: [Synth 8-3886] merging instance 'key_ctrl_inst/fcw_reg_reg[15]' (FDCE) to 'key_ctrl_inst/fcw_reg_reg[16]'
INFO: [Synth 8-3886] merging instance 'key_ctrl_inst/fcw_reg_reg[17]' (FDCE) to 'key_ctrl_inst/fcw_reg_reg[18]'
INFO: [Synth 8-3886] merging instance 'key_ctrl_inst/fcw_reg_reg[18]' (FDCE) to 'key_ctrl_inst/fcw_reg_reg[19]'
INFO: [Synth 8-3886] merging instance 'key_ctrl_inst/fcw_reg_reg[19]' (FDCE) to 'key_ctrl_inst/fcw_reg_reg[20]'
INFO: [Synth 8-3886] merging instance 'key_ctrl_inst/fcw_reg_reg[20]' (FDCE) to 'key_ctrl_inst/fcw_reg_reg[21]'
INFO: [Synth 8-3886] merging instance 'key_ctrl_inst/fcw_reg_reg[21]' (FDCE) to 'key_ctrl_inst/fcw_reg_reg[22]'
INFO: [Synth 8-3886] merging instance 'key_ctrl_inst/fcw_reg_reg[22]' (FDCE) to 'key_ctrl_inst/fcw_reg_reg[23]'
INFO: [Synth 8-3886] merging instance 'key_ctrl_inst/fcw_reg_reg[23]' (FDCE) to 'key_ctrl_inst/fcw_reg_reg[24]'
INFO: [Synth 8-3886] merging instance 'key_ctrl_inst/fcw_reg_reg[24]' (FDCE) to 'key_ctrl_inst/fcw_reg_reg[25]'
INFO: [Synth 8-3886] merging instance 'key_ctrl_inst/fcw_reg_reg[25]' (FDCE) to 'key_ctrl_inst/fcw_reg_reg[26]'
INFO: [Synth 8-3886] merging instance 'key_ctrl_inst/fcw_reg_reg[26]' (FDCE) to 'key_ctrl_inst/fcw_reg_reg[27]'
INFO: [Synth 8-3886] merging instance 'key_ctrl_inst/fcw_reg_reg[27]' (FDCE) to 'key_ctrl_inst/fcw_reg_reg[28]'
INFO: [Synth 8-3886] merging instance 'key_ctrl_inst/fcw_reg_reg[28]' (FDCE) to 'key_ctrl_inst/fcw_reg_reg[29]'
INFO: [Synth 8-3886] merging instance 'key_ctrl_inst/fcw_reg_reg[29]' (FDCE) to 'key_ctrl_inst/fcw_reg_reg[30]'
INFO: [Synth 8-3886] merging instance 'key_ctrl_inst/fcw_reg_reg[30]' (FDCE) to 'key_ctrl_inst/fcw_reg_reg[31]'
INFO: [Synth 8-3886] merging instance 'hmi_recv_inst/U1/clk_cnt_reg[14]' (FDC) to 'hmi_recv_inst/U1/clk_cnt_reg[15]'
INFO: [Synth 8-3333] propagating constant 0 across sequential element (hmi_recv_inst/\U1/clk_cnt_reg[15] )
INFO: [Synth 8-3886] merging instance 'key_ctrl_inst/fcw_reg[2]' (FDC) to 'key_ctrl_inst/fcw_reg[15]'
INFO: [Synth 8-3886] merging instance 'key_ctrl_inst/fcw_reg[3]' (FDC) to 'key_ctrl_inst/fcw_reg[15]'
INFO: [Synth 8-3886] merging instance 'key_ctrl_inst/fcw_reg[4]' (FDC) to 'key_ctrl_inst/fcw_reg[30]'
INFO: [Synth 8-3886] merging instance 'key_ctrl_inst/fcw_reg[5]' (FDC) to 'key_ctrl_inst/fcw_reg[15]'
INFO: [Synth 8-3886] merging instance 'key_ctrl_inst/fcw_reg[6]' (FDC) to 'key_ctrl_inst/fcw_reg[15]'
INFO: [Synth 8-3886] merging instance 'key_ctrl_inst/fcw_reg[7]' (FDC) to 'key_ctrl_inst/fcw_reg[30]'
INFO: [Synth 8-3886] merging instance 'key_ctrl_inst/fcw_reg[8]' (FDC) to 'key_ctrl_inst/fcw_reg[15]'
INFO: [Synth 8-3886] merging instance 'key_ctrl_inst/fcw_reg[9]' (FDC) to 'key_ctrl_inst/fcw_reg[15]'
INFO: [Synth 8-3886] merging instance 'key_ctrl_inst/fcw_reg[10]' (FDC) to 'key_ctrl_inst/fcw_reg[30]'
INFO: [Synth 8-3886] merging instance 'key_ctrl_inst/fcw_reg[11]' (FDC) to 'key_ctrl_inst/fcw_reg[30]'
INFO: [Synth 8-3886] merging instance 'key_ctrl_inst/fcw_reg[12]' (FDC) to 'key_ctrl_inst/fcw_reg[30]'
INFO: [Synth 8-3886] merging instance 'key_ctrl_inst/fcw_reg[13]' (FDC) to 'key_ctrl_inst/fcw_reg[15]'
INFO: [Synth 8-3886] merging instance 'key_ctrl_inst/fcw_reg[14]' (FDC) to 'key_ctrl_inst/fcw_reg[30]'
INFO: [Synth 8-3886] merging instance 'key_ctrl_inst/fcw_reg[15]' (FDC) to 'key_ctrl_inst/fcw_reg[16]'
INFO: [Synth 8-3886] merging instance 'key_ctrl_inst/fcw_reg[17]' (FDC) to 'key_ctrl_inst/fcw_reg[30]'
INFO: [Synth 8-3886] merging instance 'key_ctrl_inst/fcw_reg[18]' (FDC) to 'key_ctrl_inst/fcw_reg[30]'
INFO: [Synth 8-3886] merging instance 'key_ctrl_inst/fcw_reg[19]' (FDC) to 'key_ctrl_inst/fcw_reg[30]'
INFO: [Synth 8-3886] merging instance 'key_ctrl_inst/fcw_reg[20]' (FDC) to 'key_ctrl_inst/fcw_reg[30]'
INFO: [Synth 8-3886] merging instance 'key_ctrl_inst/fcw_reg[21]' (FDC) to 'key_ctrl_inst/fcw_reg[30]'
INFO: [Synth 8-3886] merging instance 'key_ctrl_inst/fcw_reg[22]' (FDC) to 'key_ctrl_inst/fcw_reg[30]'
INFO: [Synth 8-3886] merging instance 'key_ctrl_inst/fcw_reg[23]' (FDC) to 'key_ctrl_inst/fcw_reg[30]'
INFO: [Synth 8-3886] merging instance 'key_ctrl_inst/fcw_reg[24]' (FDC) to 'key_ctrl_inst/fcw_reg[30]'
INFO: [Synth 8-3886] merging instance 'key_ctrl_inst/fcw_reg[25]' (FDC) to 'key_ctrl_inst/fcw_reg[30]'
INFO: [Synth 8-3886] merging instance 'key_ctrl_inst/fcw_reg[26]' (FDC) to 'key_ctrl_inst/fcw_reg[30]'
INFO: [Synth 8-3886] merging instance 'key_ctrl_inst/fcw_reg[27]' (FDC) to 'key_ctrl_inst/fcw_reg[30]'
INFO: [Synth 8-3886] merging instance 'key_ctrl_inst/fcw_reg[28]' (FDC) to 'key_ctrl_inst/fcw_reg[30]'
INFO: [Synth 8-3886] merging instance 'key_ctrl_inst/fcw_reg[29]' (FDC) to 'key_ctrl_inst/fcw_reg[30]'
INFO: [Synth 8-3886] merging instance 'key_ctrl_inst/fcw_reg[30]' (FDC) to 'key_ctrl_inst/fcw_reg[31]'
INFO: [Synth 8-3886] merging instance 'hmi_recv_inst/i_reg[7]' (FDCE) to 'hmi_recv_inst/i_reg[4]'
INFO: [Synth 8-3886] merging instance 'hmi_recv_inst/i_reg[6]' (FDCE) to 'hmi_recv_inst/i_reg[4]'
INFO: [Synth 8-3886] merging instance 'hmi_recv_inst/i_reg[5]' (FDCE) to 'hmi_recv_inst/i_reg[4]'
INFO: [Synth 8-3333] propagating constant 0 across sequential element (hmi_recv_inst/\i_reg[4] )
INFO: [Synth 8-3333] propagating constant 0 across sequential element (\uart_tx_data_reg[7] )
INFO: [Synth 8-3886] merging instance 'hmi_recv_inst/i_reg[3]' (FDCE) to 'hmi_recv_inst/HMI_Done_reg'
---------------------------------------------------------------------------------
Finished Cross Boundary and Area Optimization : Time (s): cpu = 00:00:33 ; elapsed = 00:00:35 . Memory (MB): peak = 1383.035 ; gain = 623.047
---------------------------------------------------------------------------------
---------------------------------------------------------------------------------
Start ROM, RAM, DSP and Shift Register Reporting
---------------------------------------------------------------------------------

ROM:
+------------+------------+---------------+----------------+
|Module Name | RTL Object | Depth x Width | Implemented As | 
+------------+------------+---------------+----------------+
|DDS_Core    | p_0_out    | 256x8         | LUT            | 
+------------+------------+---------------+----------------+


DSP: Preliminary Mapping	Report (see note below)
+---------------------+---------------------------+--------+--------+--------+--------+--------+------+------+------+------+-------+------+------+
|Module Name          | DSP Mapping               | A Size | B Size | C Size | D Size | P Size | AREG | BREG | CREG | DREG | ADREG | MREG | PREG | 
+---------------------+---------------------------+--------+--------+--------+--------+--------+------+------+------+------+-------+------+------+
|HMI_Recv             | (A:0x68db9)*B             | 20     | 18     | -      | -      | 48     | 0    | 0    | -    | -    | -     | 0    | 0    | 
|HMI_Recv             | (PCIN>>17)+(A:0x68db9)*B  | 20     | 16     | -      | -      | 48     | 0    | 0    | -    | -    | -     | 0    | 0    | 
|HMI_Recv             | (A:0x418937)*B            | 24     | 18     | -      | -      | 48     | 0    | 0    | -    | -    | -     | 0    | 0    | 
|HMI_Recv             | (PCIN>>17)+(A:0x418937)*B | 24     | 16     | -      | -      | 48     | 0    | 0    | -    | -    | -     | 0    | 0    | 
|DDS_Signal_Generator | (A:0x1e100)*B             | 18     | 16     | -      | -      | 48     | 0    | 0    | -    | -    | -     | 0    | 0    | 
|DDS_Signal_Generator | (PCIN>>17)+A*B            | 16     | 11     | -      | -      | 48     | 0    | 0    | -    | -    | -     | 0    | 0    | 
|DDS_Signal_Generator | A*(B:0x1e100)             | 18     | 18     | -      | -      | 48     | 0    | 0    | -    | -    | -     | 0    | 0    | 
|DDS_Signal_Generator | (PCIN>>17)+A*B            | 18     | 11     | -      | -      | 48     | 0    | 0    | -    | -    | -     | 0    | 0    | 
+---------------------+---------------------------+--------+--------+--------+--------+--------+------+------+------+------+-------+------+------+

Note: The table above is a preliminary report that shows the DSPs inferred at the current stage of the synthesis flow. Some DSP may be reimplemented as non DSP primitives later in the synthesis flow. Multiple instantiated DSPs are reported only once.
---------------------------------------------------------------------------------
Finished ROM, RAM, DSP and Shift Register Reporting
---------------------------------------------------------------------------------
INFO: [Synth 8-5844] Detected registers with asynchronous reset at DSP/BRAM block boundary. Consider using synchronous reset for optimal packing [D:/FPGAmoudle/--main/--main/vivado_project_pl_only/rtl/HMI_Recv.v:75]
INFO: [Synth 8-5844] Detected registers with asynchronous reset at DSP/BRAM block boundary. Consider using synchronous reset for optimal packing [D:/FPGAmoudle/--main/--main/vivado_project_pl_only/rtl/HMI_Recv.v:75]
INFO: [Synth 8-5844] Detected registers with asynchronous reset at DSP/BRAM block boundary. Consider using synchronous reset for optimal packing [D:/FPGAmoudle/--main/--main/vivado_project_pl_only/rtl/DDS_Signal_Generator.v:132]
INFO: [Synth 8-5844] Detected registers with asynchronous reset at DSP/BRAM block boundary. Consider using synchronous reset for optimal packing [D:/FPGAmoudle/--main/--main/vivado_project_pl_only/rtl/DDS_Signal_Generator.v:132]
INFO: [Synth 8-5844] Detected registers with asynchronous reset at DSP/BRAM block boundary. Consider using synchronous reset for optimal packing [D:/FPGAmoudle/--main/--main/vivado_project_pl_only/rtl/DDS_Signal_Generator.v:132]
INFO: [Synth 8-5844] Detected registers with asynchronous reset at DSP/BRAM block boundary. Consider using synchronous reset for optimal packing [D:/FPGAmoudle/--main/--main/vivado_project_pl_only/rtl/DDS_Signal_Generator.v:132]

Report RTL Partitions: 
+-+--------------+------------+----------+
| |RTL Partition |Replication |Instances |
+-+--------------+------------+----------+
+-+--------------+------------+----------+
---------------------------------------------------------------------------------
Start Applying XDC Timing Constraints
---------------------------------------------------------------------------------
---------------------------------------------------------------------------------
Finished Applying XDC Timing Constraints : Time (s): cpu = 00:00:41 ; elapsed = 00:00:44 . Memory (MB): peak = 1383.035 ; gain = 623.047
---------------------------------------------------------------------------------
---------------------------------------------------------------------------------
Start Timing Optimization
---------------------------------------------------------------------------------
---------------------------------------------------------------------------------
Finished Timing Optimization : Time (s): cpu = 00:01:05 ; elapsed = 00:01:08 . Memory (MB): peak = 1461.660 ; gain = 701.672
---------------------------------------------------------------------------------

Report RTL Partitions: 
+-+--------------+------------+----------+
| |RTL Partition |Replication |Instances |
+-+--------------+------------+----------+
+-+--------------+------------+----------+
---------------------------------------------------------------------------------
Start Technology Mapping
---------------------------------------------------------------------------------
INFO: [Synth 8-5844] Detected registers with asynchronous reset at DSP/BRAM block boundary. Consider using synchronous reset for optimal packing [D:/FPGAmoudle/--main/--main/vivado_project_pl_only/rtl/HMI_Recv.v:75]
INFO: [Synth 8-5844] Detected registers with asynchronous reset at DSP/BRAM block boundary. Consider using synchronous reset for optimal packing [D:/FPGAmoudle/--main/--main/vivado_project_pl_only/rtl/HMI_Recv.v:75]
INFO: [Synth 8-5844] Detected registers with asynchronous reset at DSP/BRAM block boundary. Consider using synchronous reset for optimal packing [D:/FPGAmoudle/--main/--main/vivado_project_pl_only/rtl/DDS_Signal_Generator.v:132]
INFO: [Synth 8-5844] Detected registers with asynchronous reset at DSP/BRAM block boundary. Consider using synchronous reset for optimal packing [D:/FPGAmoudle/--main/--main/vivado_project_pl_only/rtl/DDS_Signal_Generator.v:132]
INFO: [Synth 8-5844] Detected registers with asynchronous reset at DSP/BRAM block boundary. Consider using synchronous reset for optimal packing [D:/FPGAmoudle/--main/--main/vivado_project_pl_only/rtl/DDS_Signal_Generator.v:132]
INFO: [Synth 8-5844] Detected registers with asynchronous reset at DSP/BRAM block boundary. Consider using synchronous reset for optimal packing [D:/FPGAmoudle/--main/--main/vivado_project_pl_only/rtl/DDS_Signal_Generator.v:132]
---------------------------------------------------------------------------------
Finished Technology Mapping : Time (s): cpu = 00:01:07 ; elapsed = 00:01:10 . Memory (MB): peak = 1462.727 ; gain = 702.738
---------------------------------------------------------------------------------

Report RTL Partitions: 
+-+--------------+------------+----------+
| |RTL Partition |Replication |Instances |
+-+--------------+------------+----------+
+-+--------------+------------+----------+
---------------------------------------------------------------------------------
Start IO Insertion
---------------------------------------------------------------------------------
---------------------------------------------------------------------------------
Start Flattening Before IO Insertion
---------------------------------------------------------------------------------
---------------------------------------------------------------------------------
Finished Flattening Before IO Insertion
---------------------------------------------------------------------------------
---------------------------------------------------------------------------------
Start Final Netlist Cleanup
---------------------------------------------------------------------------------
---------------------------------------------------------------------------------
Finished Final Netlist Cleanup
---------------------------------------------------------------------------------
---------------------------------------------------------------------------------
Finished IO Insertion : Time (s): cpu = 00:01:10 ; elapsed = 00:01:13 . Memory (MB): peak = 1462.727 ; gain = 702.738
---------------------------------------------------------------------------------
---------------------------------------------------------------------------------
Start Renaming Generated Instances
---------------------------------------------------------------------------------
---------------------------------------------------------------------------------
Finished Renaming Generated Instances : Time (s): cpu = 00:01:10 ; elapsed = 00:01:13 . Memory (MB): peak = 1462.727 ; gain = 702.738
---------------------------------------------------------------------------------

Report RTL Partitions: 
+-+--------------+------------+----------+
| |RTL Partition |Replication |Instances |
+-+--------------+------------+----------+
+-+--------------+------------+----------+

Report Check Netlist: 
+------+------------------+-------+---------+-------+------------------+
|      |Item              |Errors |Warnings |Status |Description       |
+------+------------------+-------+---------+-------+------------------+
|1     |multi_driven_nets |      0|        0|Passed |Multi driven nets |
+------+------------------+-------+---------+-------+------------------+
---------------------------------------------------------------------------------
Start Rebuilding User Hierarchy
---------------------------------------------------------------------------------
---------------------------------------------------------------------------------
Finished Rebuilding User Hierarchy : Time (s): cpu = 00:01:10 ; elapsed = 00:01:13 . Memory (MB): peak = 1462.727 ; gain = 702.738
---------------------------------------------------------------------------------
---------------------------------------------------------------------------------
Start Renaming Generated Ports
---------------------------------------------------------------------------------
---------------------------------------------------------------------------------
Finished Renaming Generated Ports : Time (s): cpu = 00:01:10 ; elapsed = 00:01:13 . Memory (MB): peak = 1462.727 ; gain = 702.738
---------------------------------------------------------------------------------
---------------------------------------------------------------------------------
Start Handling Custom Attributes
---------------------------------------------------------------------------------
---------------------------------------------------------------------------------
Finished Handling Custom Attributes : Time (s): cpu = 00:01:10 ; elapsed = 00:01:13 . Memory (MB): peak = 1462.727 ; gain = 702.738
---------------------------------------------------------------------------------
---------------------------------------------------------------------------------
Start Renaming Generated Nets
---------------------------------------------------------------------------------
---------------------------------------------------------------------------------
Finished Renaming Generated Nets : Time (s): cpu = 00:01:10 ; elapsed = 00:01:13 . Memory (MB): peak = 1462.727 ; gain = 702.738
---------------------------------------------------------------------------------
---------------------------------------------------------------------------------
Start Writing Synthesis Report
---------------------------------------------------------------------------------

Report BlackBoxes: 
+------+----------------+----------+
|      |BlackBox name   |Instances |
+------+----------------+----------+
|1     |pll_50m_to_100m |         1|
|2     |ila_0           |         1|
+------+----------------+----------+

Report Cell Usage: 
+------+----------------+------+
|      |Cell            |Count |
+------+----------------+------+
|1     |ila_0           |     1|
|2     |pll_50m_to_100m |     1|
|3     |CARRY4          |   418|
|4     |DSP48E1         |     8|
|5     |LUT1            |    52|
|6     |LUT2            |   528|
|7     |LUT3            |   690|
|8     |LUT4            |   541|
|9     |LUT5            |   435|
|10    |LUT6            |   677|
|11    |MUXF7           |    16|
|12    |MUXF8           |     5|
|13    |FDCE            |   360|
|14    |FDPE            |    19|
|15    |FDRE            |     2|
|16    |IBUF            |     5|
|17    |OBUF            |    12|
+------+----------------+------+

Report Instance Areas: 
+------+----------------+------------+------+
|      |Instance        |Module      |Cells |
+------+----------------+------------+------+
|1     |top             |            |  3770|
|2     |  hmi_recv_inst |HMI_Recv    |   818|
|3     |    U1          |HMI_UARX    |   106|
|4     |  dds_core_inst |DDS_Core    |   131|
|5     |  key_ctrl_inst |Key_Control |   252|
|6     |  u_uart_tx     |HMI_UARTX   |    56|
+------+----------------+------------+------+
---------------------------------------------------------------------------------
Finished Writing Synthesis Report : Time (s): cpu = 00:01:10 ; elapsed = 00:01:13 . Memory (MB): peak = 1462.727 ; gain = 702.738
---------------------------------------------------------------------------------
Synthesis finished with 0 errors, 0 critical warnings and 1 warnings.
Synthesis Optimization Runtime : Time (s): cpu = 00:01:03 ; elapsed = 00:01:11 . Memory (MB): peak = 1462.727 ; gain = 592.953
Synthesis Optimization Complete : Time (s): cpu = 00:01:10 ; elapsed = 00:01:13 . Memory (MB): peak = 1462.727 ; gain = 702.738
INFO: [Project 1-571] Translating synthesized netlist
Netlist sorting complete. Time (s): cpu = 00:00:01 ; elapsed = 00:00:00.033 . Memory (MB): peak = 1462.727 ; gain = 0.000
INFO: [Netlist 29-17] Analyzing 447 Unisim elements for replacement
INFO: [Netlist 29-28] Unisim Transformation completed in 0 CPU seconds
INFO: [Project 1-570] Preparing netlist for logic optimization
INFO: [Opt 31-140] Inserted 1 IBUFs to IO ports without IO buffers.
INFO: [Opt 31-138] Pushed 0 inverter(s) to 0 load pin(s).
Netlist sorting complete. Time (s): cpu = 00:00:00 ; elapsed = 00:00:00 . Memory (MB): peak = 1462.727 ; gain = 0.000
INFO: [Project 1-111] Unisim Transformation Summary:
No Unisim elements were transformed.

INFO: [Common 17-83] Releasing license: Synthesis
118 Infos, 3 Warnings, 0 Critical Warnings and 0 Errors encountered.
synth_design completed successfully
synth_design: Time (s): cpu = 00:01:16 ; elapsed = 00:01:20 . Memory (MB): peak = 1462.727 ; gain = 973.430
INFO: [Common 17-600] The following parameters have non-default value.
general.maxThreads
Netlist sorting complete. Time (s): cpu = 00:00:00 ; elapsed = 00:00:00.001 . Memory (MB): peak = 1462.727 ; gain = 0.000
WARNING: [Constraints 18-5210] No constraints selected for write.
Resolution: This message can indicate that there are no constraints for the design, or it can indicate that the used_in flags are set such that the constraints are ignored. This later case is used when running synth_design to not write synthesis constraints to the resulting checkpoint. Instead, project constraints are read when the synthesized design is opened.
INFO: [Common 17-1381] The checkpoint 'D:/FPGAmoudle/--main/--main/vivado_project_pl_only/DDS_Signal_Generator_PL/DDS_Signal_Generator_PL.runs/synth_1/DDS_Signal_Generator.dcp' has been generated.
INFO: [runtcl-4] Executing : report_utilization -file DDS_Signal_Generator_utilization_synth.rpt -pb DDS_Signal_Generator_utilization_synth.pb
INFO: [Common 17-206] Exiting Vivado at Sat Jun 27 22:20:37 2026...
