#-----------------------------------------------------------
# Vivado v2019.2 (64-bit)
# SW Build 2708876 on Wed Nov  6 21:40:23 MST 2019
# IP Build 2700528 on Thu Nov  7 00:09:20 MST 2019
# Start of session at: Sat Jun 27 22:16:00 2026
# Process ID: 12824
# Current directory: D:/FPGAmoudle/--main/--main/vivado_project_pl_only/DDS_Signal_Generator_PL
# Command line: vivado.exe -gui_launcher_event rodinguilauncherevent35044 D:\FPGAmoudle\--main\--main\vivado_project_pl_only\DDS_Signal_Generator_PL\DDS_Signal_Generator_PL.xpr
# Log file: D:/FPGAmoudle/--main/--main/vivado_project_pl_only/DDS_Signal_Generator_PL/vivado.log
# Journal file: D:/FPGAmoudle/--main/--main/vivado_project_pl_only/DDS_Signal_Generator_PL\vivado.jou
#-----------------------------------------------------------
Sourcing tcl script 'D:/tools/vivado/2019.2/scripts/Vivado_init.tcl'
start_gui
open_project D:/FPGAmoudle/--main/--main/vivado_project_pl_only/DDS_Signal_Generator_PL/DDS_Signal_Generator_PL.xpr
Scanning sources...
Finished scanning sources
INFO: [IP_Flow 19-234] Refreshing IP repositories
INFO: [IP_Flow 19-1704] No user IP repositories specified
INFO: [IP_Flow 19-2313] Loaded Vivado IP repository 'D:/tools/vivado/2019.2/data/ip'.
open_project: Time (s): cpu = 00:00:15 ; elapsed = 00:00:09 . Memory (MB): peak = 950.203 ; gain = 228.398
update_compile_order -fileset sources_1
launch_runs impl_1 -to_step write_bitstream -jobs 16
[Sat Jun 27 22:17:03 2026] Launched ila_0_synth_1, pll_50m_to_100m_synth_1, synth_1...
Run output will be captured here:
ila_0_synth_1: D:/FPGAmoudle/--main/--main/vivado_project_pl_only/DDS_Signal_Generator_PL/DDS_Signal_Generator_PL.runs/ila_0_synth_1/runme.log
pll_50m_to_100m_synth_1: D:/FPGAmoudle/--main/--main/vivado_project_pl_only/DDS_Signal_Generator_PL/DDS_Signal_Generator_PL.runs/pll_50m_to_100m_synth_1/runme.log
synth_1: D:/FPGAmoudle/--main/--main/vivado_project_pl_only/DDS_Signal_Generator_PL/DDS_Signal_Generator_PL.runs/synth_1/runme.log
[Sat Jun 27 22:17:03 2026] Launched impl_1...
Run output will be captured here: D:/FPGAmoudle/--main/--main/vivado_project_pl_only/DDS_Signal_Generator_PL/DDS_Signal_Generator_PL.runs/impl_1/runme.log
open_hw_manager
connect_hw_server -allow_non_jtag
INFO: [Labtools 27-2285] Connecting to hw_server url TCP:localhost:3121
INFO: [Labtools 27-2222] Launching hw_server...
INFO: [Labtools 27-2221] Launch Output:

****** Xilinx hw_server v2019.2
  **** Build date : Nov  6 2019 at 22:12:23
    ** Copyright 1986-2019 Xilinx, Inc. All Rights Reserved.


INFO: [Labtools 27-3415] Connecting to cs_server url TCP:localhost:3042
INFO: [Labtools 27-3417] Launching cs_server...
INFO: [Labtools 27-2221] Launch Output:


****** Xilinx cs_server v2019.2.0
  **** Build date : Nov 07 2019-13:28:22
    ** Copyright 2017-2019 Xilinx, Inc. All Rights Reserved.



connect_hw_server: Time (s): cpu = 00:00:00 ; elapsed = 00:00:09 . Memory (MB): peak = 1011.430 ; gain = 13.449
open_hw_target
INFO: [Labtoolstcl 44-466] Opening hw_target localhost:3121/xilinx_tcf/Digilent/D3067A27ABCD
open_hw_target: Time (s): cpu = 00:00:03 ; elapsed = 00:00:07 . Memory (MB): peak = 2247.871 ; gain = 1236.441
set_property PROGRAM.FILE {D:/FPGAmoudle/--main/--main/vivado_project_pl_only/DDS_Signal_Generator_PL/DDS_Signal_Generator_PL.runs/impl_1/DDS_Signal_Generator.bit} [get_hw_devices xc7z010_1]
set_property PROBES.FILE {D:/FPGAmoudle/--main/--main/vivado_project_pl_only/DDS_Signal_Generator_PL/DDS_Signal_Generator_PL.runs/impl_1/DDS_Signal_Generator.ltx} [get_hw_devices xc7z010_1]
set_property FULL_PROBES.FILE {D:/FPGAmoudle/--main/--main/vivado_project_pl_only/DDS_Signal_Generator_PL/DDS_Signal_Generator_PL.runs/impl_1/DDS_Signal_Generator.ltx} [get_hw_devices xc7z010_1]
current_hw_device [get_hw_devices xc7z010_1]
refresh_hw_device [lindex [get_hw_devices xc7z010_1] 0]
INFO: [Labtools 27-1435] Device xc7z010 (JTAG device index = 1) is not programmed (DONE status = 0).
set_property PROBES.FILE {D:/FPGAmoudle/--main/--main/vivado_project_pl_only/DDS_Signal_Generator_PL/DDS_Signal_Generator_PL.runs/impl_1/DDS_Signal_Generator.ltx} [get_hw_devices xc7z010_1]
set_property FULL_PROBES.FILE {D:/FPGAmoudle/--main/--main/vivado_project_pl_only/DDS_Signal_Generator_PL/DDS_Signal_Generator_PL.runs/impl_1/DDS_Signal_Generator.ltx} [get_hw_devices xc7z010_1]
set_property PROGRAM.FILE {D:/FPGAmoudle/--main/--main/vivado_project_pl_only/DDS_Signal_Generator_PL/DDS_Signal_Generator_PL.runs/impl_1/DDS_Signal_Generator.bit} [get_hw_devices xc7z010_1]
program_hw_devices [get_hw_devices xc7z010_1]
INFO: [Labtools 27-3164] End of startup status: HIGH
refresh_hw_device [lindex [get_hw_devices xc7z010_1] 0]
INFO: [Labtools 27-2302] Device xc7z010 (JTAG device index = 1) is programmed with a design that has 1 ILA core(s).
display_hw_ila_data [ get_hw_ila_data hw_ila_data_1 -of_objects [get_hw_ilas -of_objects [get_hw_devices xc7z010_1] -filter {CELL_NAME=~"your_instance_name"}]]
run_hw_ila [get_hw_ilas -of_objects [get_hw_devices xc7z010_1] -filter {CELL_NAME=~"your_instance_name"}]
INFO: [Labtools 27-1964] The ILA core 'hw_ila_1' trigger was armed at 2026-Jun-27 22:31:34
wait_on_hw_ila [get_hw_ilas -of_objects [get_hw_devices xc7z010_1] -filter {CELL_NAME=~"your_instance_name"}]
display_hw_ila_data [upload_hw_ila_data [get_hw_ilas -of_objects [get_hw_devices xc7z010_1] -filter {CELL_NAME=~"your_instance_name"}]]
INFO: [Labtools 27-1966] The ILA core 'hw_ila_1' triggered at 2026-Jun-27 22:31:34
INFO: [Labtools 27-3304] ILA Waveform data saved to file D:/FPGAmoudle/--main/--main/vivado_project_pl_only/DDS_Signal_Generator_PL/DDS_Signal_Generator_PL.hw/backup/hw_ila_data_1.ila. Use Tcl command 'read_hw_ila_data' or Vivado File->Import->Import ILA Data menu item to import the previously saved data.
run_hw_ila [get_hw_ilas -of_objects [get_hw_devices xc7z010_1] -filter {CELL_NAME=~"your_instance_name"}]
INFO: [Labtools 27-1964] The ILA core 'hw_ila_1' trigger was armed at 2026-Jun-27 22:31:38
wait_on_hw_ila [get_hw_ilas -of_objects [get_hw_devices xc7z010_1] -filter {CELL_NAME=~"your_instance_name"}]
display_hw_ila_data [upload_hw_ila_data [get_hw_ilas -of_objects [get_hw_devices xc7z010_1] -filter {CELL_NAME=~"your_instance_name"}]]
INFO: [Labtools 27-1966] The ILA core 'hw_ila_1' triggered at 2026-Jun-27 22:31:38
INFO: [Labtools 27-3304] ILA Waveform data saved to file D:/FPGAmoudle/--main/--main/vivado_project_pl_only/DDS_Signal_Generator_PL/DDS_Signal_Generator_PL.hw/backup/hw_ila_data_1.ila. Use Tcl command 'read_hw_ila_data' or Vivado File->Import->Import ILA Data menu item to import the previously saved data.
run_hw_ila [get_hw_ilas -of_objects [get_hw_devices xc7z010_1] -filter {CELL_NAME=~"your_instance_name"}]
INFO: [Labtools 27-1964] The ILA core 'hw_ila_1' trigger was armed at 2026-Jun-27 22:31:42
wait_on_hw_ila [get_hw_ilas -of_objects [get_hw_devices xc7z010_1] -filter {CELL_NAME=~"your_instance_name"}]
display_hw_ila_data [upload_hw_ila_data [get_hw_ilas -of_objects [get_hw_devices xc7z010_1] -filter {CELL_NAME=~"your_instance_name"}]]
INFO: [Labtools 27-1966] The ILA core 'hw_ila_1' triggered at 2026-Jun-27 22:31:42
INFO: [Labtools 27-3304] ILA Waveform data saved to file D:/FPGAmoudle/--main/--main/vivado_project_pl_only/DDS_Signal_Generator_PL/DDS_Signal_Generator_PL.hw/backup/hw_ila_data_1.ila. Use Tcl command 'read_hw_ila_data' or Vivado File->Import->Import ILA Data menu item to import the previously saved data.
run_hw_ila [get_hw_ilas -of_objects [get_hw_devices xc7z010_1] -filter {CELL_NAME=~"your_instance_name"}]
INFO: [Labtools 27-1964] The ILA core 'hw_ila_1' trigger was armed at 2026-Jun-27 22:31:46
wait_on_hw_ila [get_hw_ilas -of_objects [get_hw_devices xc7z010_1] -filter {CELL_NAME=~"your_instance_name"}]
display_hw_ila_data [upload_hw_ila_data [get_hw_ilas -of_objects [get_hw_devices xc7z010_1] -filter {CELL_NAME=~"your_instance_name"}]]
INFO: [Labtools 27-1966] The ILA core 'hw_ila_1' triggered at 2026-Jun-27 22:31:46
INFO: [Labtools 27-3304] ILA Waveform data saved to file D:/FPGAmoudle/--main/--main/vivado_project_pl_only/DDS_Signal_Generator_PL/DDS_Signal_Generator_PL.hw/backup/hw_ila_data_1.ila. Use Tcl command 'read_hw_ila_data' or Vivado File->Import->Import ILA Data menu item to import the previously saved data.
run_hw_ila [get_hw_ilas -of_objects [get_hw_devices xc7z010_1] -filter {CELL_NAME=~"your_instance_name"}]
INFO: [Labtools 27-1964] The ILA core 'hw_ila_1' trigger was armed at 2026-Jun-27 22:31:49
wait_on_hw_ila [get_hw_ilas -of_objects [get_hw_devices xc7z010_1] -filter {CELL_NAME=~"your_instance_name"}]
display_hw_ila_data [upload_hw_ila_data [get_hw_ilas -of_objects [get_hw_devices xc7z010_1] -filter {CELL_NAME=~"your_instance_name"}]]
INFO: [Labtools 27-1966] The ILA core 'hw_ila_1' triggered at 2026-Jun-27 22:31:49
INFO: [Labtools 27-3304] ILA Waveform data saved to file D:/FPGAmoudle/--main/--main/vivado_project_pl_only/DDS_Signal_Generator_PL/DDS_Signal_Generator_PL.hw/backup/hw_ila_data_1.ila. Use Tcl command 'read_hw_ila_data' or Vivado File->Import->Import ILA Data menu item to import the previously saved data.
run_hw_ila [get_hw_ilas -of_objects [get_hw_devices xc7z010_1] -filter {CELL_NAME=~"your_instance_name"}]
INFO: [Labtools 27-1964] The ILA core 'hw_ila_1' trigger was armed at 2026-Jun-27 22:31:53
wait_on_hw_ila [get_hw_ilas -of_objects [get_hw_devices xc7z010_1] -filter {CELL_NAME=~"your_instance_name"}]
display_hw_ila_data [upload_hw_ila_data [get_hw_ilas -of_objects [get_hw_devices xc7z010_1] -filter {CELL_NAME=~"your_instance_name"}]]
INFO: [Labtools 27-1966] The ILA core 'hw_ila_1' triggered at 2026-Jun-27 22:31:53
INFO: [Labtools 27-3304] ILA Waveform data saved to file D:/FPGAmoudle/--main/--main/vivado_project_pl_only/DDS_Signal_Generator_PL/DDS_Signal_Generator_PL.hw/backup/hw_ila_data_1.ila. Use Tcl command 'read_hw_ila_data' or Vivado File->Import->Import ILA Data menu item to import the previously saved data.
run_hw_ila [get_hw_ilas -of_objects [get_hw_devices xc7z010_1] -filter {CELL_NAME=~"your_instance_name"}]
INFO: [Labtools 27-1964] The ILA core 'hw_ila_1' trigger was armed at 2026-Jun-27 22:31:56
wait_on_hw_ila [get_hw_ilas -of_objects [get_hw_devices xc7z010_1] -filter {CELL_NAME=~"your_instance_name"}]
display_hw_ila_data [upload_hw_ila_data [get_hw_ilas -of_objects [get_hw_devices xc7z010_1] -filter {CELL_NAME=~"your_instance_name"}]]
INFO: [Labtools 27-1966] The ILA core 'hw_ila_1' triggered at 2026-Jun-27 22:31:56
INFO: [Labtools 27-3304] ILA Waveform data saved to file D:/FPGAmoudle/--main/--main/vivado_project_pl_only/DDS_Signal_Generator_PL/DDS_Signal_Generator_PL.hw/backup/hw_ila_data_1.ila. Use Tcl command 'read_hw_ila_data' or Vivado File->Import->Import ILA Data menu item to import the previously saved data.
run_hw_ila [get_hw_ilas -of_objects [get_hw_devices xc7z010_1] -filter {CELL_NAME=~"your_instance_name"}]
INFO: [Labtools 27-1964] The ILA core 'hw_ila_1' trigger was armed at 2026-Jun-27 22:32:00
wait_on_hw_ila [get_hw_ilas -of_objects [get_hw_devices xc7z010_1] -filter {CELL_NAME=~"your_instance_name"}]
display_hw_ila_data [upload_hw_ila_data [get_hw_ilas -of_objects [get_hw_devices xc7z010_1] -filter {CELL_NAME=~"your_instance_name"}]]
INFO: [Labtools 27-1966] The ILA core 'hw_ila_1' triggered at 2026-Jun-27 22:32:00
INFO: [Labtools 27-3304] ILA Waveform data saved to file D:/FPGAmoudle/--main/--main/vivado_project_pl_only/DDS_Signal_Generator_PL/DDS_Signal_Generator_PL.hw/backup/hw_ila_data_1.ila. Use Tcl command 'read_hw_ila_data' or Vivado File->Import->Import ILA Data menu item to import the previously saved data.
run_hw_ila [get_hw_ilas -of_objects [get_hw_devices xc7z010_1] -filter {CELL_NAME=~"your_instance_name"}]
INFO: [Labtools 27-1964] The ILA core 'hw_ila_1' trigger was armed at 2026-Jun-27 22:32:03
wait_on_hw_ila [get_hw_ilas -of_objects [get_hw_devices xc7z010_1] -filter {CELL_NAME=~"your_instance_name"}]
display_hw_ila_data [upload_hw_ila_data [get_hw_ilas -of_objects [get_hw_devices xc7z010_1] -filter {CELL_NAME=~"your_instance_name"}]]
INFO: [Labtools 27-1966] The ILA core 'hw_ila_1' triggered at 2026-Jun-27 22:32:03
INFO: [Labtools 27-3304] ILA Waveform data saved to file D:/FPGAmoudle/--main/--main/vivado_project_pl_only/DDS_Signal_Generator_PL/DDS_Signal_Generator_PL.hw/backup/hw_ila_data_1.ila. Use Tcl command 'read_hw_ila_data' or Vivado File->Import->Import ILA Data menu item to import the previously saved data.
run_hw_ila [get_hw_ilas -of_objects [get_hw_devices xc7z010_1] -filter {CELL_NAME=~"your_instance_name"}]
INFO: [Labtools 27-1964] The ILA core 'hw_ila_1' trigger was armed at 2026-Jun-27 22:32:07
wait_on_hw_ila [get_hw_ilas -of_objects [get_hw_devices xc7z010_1] -filter {CELL_NAME=~"your_instance_name"}]
display_hw_ila_data [upload_hw_ila_data [get_hw_ilas -of_objects [get_hw_devices xc7z010_1] -filter {CELL_NAME=~"your_instance_name"}]]
INFO: [Labtools 27-1966] The ILA core 'hw_ila_1' triggered at 2026-Jun-27 22:32:07
INFO: [Labtools 27-3304] ILA Waveform data saved to file D:/FPGAmoudle/--main/--main/vivado_project_pl_only/DDS_Signal_Generator_PL/DDS_Signal_Generator_PL.hw/backup/hw_ila_data_1.ila. Use Tcl command 'read_hw_ila_data' or Vivado File->Import->Import ILA Data menu item to import the previously saved data.
run_hw_ila [get_hw_ilas -of_objects [get_hw_devices xc7z010_1] -filter {CELL_NAME=~"your_instance_name"}]
INFO: [Labtools 27-1964] The ILA core 'hw_ila_1' trigger was armed at 2026-Jun-27 22:32:10
wait_on_hw_ila [get_hw_ilas -of_objects [get_hw_devices xc7z010_1] -filter {CELL_NAME=~"your_instance_name"}]
display_hw_ila_data [upload_hw_ila_data [get_hw_ilas -of_objects [get_hw_devices xc7z010_1] -filter {CELL_NAME=~"your_instance_name"}]]
INFO: [Labtools 27-1966] The ILA core 'hw_ila_1' triggered at 2026-Jun-27 22:32:10
INFO: [Labtools 27-3304] ILA Waveform data saved to file D:/FPGAmoudle/--main/--main/vivado_project_pl_only/DDS_Signal_Generator_PL/DDS_Signal_Generator_PL.hw/backup/hw_ila_data_1.ila. Use Tcl command 'read_hw_ila_data' or Vivado File->Import->Import ILA Data menu item to import the previously saved data.
run_hw_ila [get_hw_ilas -of_objects [get_hw_devices xc7z010_1] -filter {CELL_NAME=~"your_instance_name"}]
INFO: [Labtools 27-1964] The ILA core 'hw_ila_1' trigger was armed at 2026-Jun-27 22:32:14
wait_on_hw_ila [get_hw_ilas -of_objects [get_hw_devices xc7z010_1] -filter {CELL_NAME=~"your_instance_name"}]
display_hw_ila_data [upload_hw_ila_data [get_hw_ilas -of_objects [get_hw_devices xc7z010_1] -filter {CELL_NAME=~"your_instance_name"}]]
INFO: [Labtools 27-1966] The ILA core 'hw_ila_1' triggered at 2026-Jun-27 22:32:14
INFO: [Labtools 27-3304] ILA Waveform data saved to file D:/FPGAmoudle/--main/--main/vivado_project_pl_only/DDS_Signal_Generator_PL/DDS_Signal_Generator_PL.hw/backup/hw_ila_data_1.ila. Use Tcl command 'read_hw_ila_data' or Vivado File->Import->Import ILA Data menu item to import the previously saved data.
run_hw_ila [get_hw_ilas -of_objects [get_hw_devices xc7z010_1] -filter {CELL_NAME=~"your_instance_name"}]
INFO: [Labtools 27-1964] The ILA core 'hw_ila_1' trigger was armed at 2026-Jun-27 22:32:18
wait_on_hw_ila [get_hw_ilas -of_objects [get_hw_devices xc7z010_1] -filter {CELL_NAME=~"your_instance_name"}]
display_hw_ila_data [upload_hw_ila_data [get_hw_ilas -of_objects [get_hw_devices xc7z010_1] -filter {CELL_NAME=~"your_instance_name"}]]
INFO: [Labtools 27-1966] The ILA core 'hw_ila_1' triggered at 2026-Jun-27 22:32:18
INFO: [Labtools 27-3304] ILA Waveform data saved to file D:/FPGAmoudle/--main/--main/vivado_project_pl_only/DDS_Signal_Generator_PL/DDS_Signal_Generator_PL.hw/backup/hw_ila_data_1.ila. Use Tcl command 'read_hw_ila_data' or Vivado File->Import->Import ILA Data menu item to import the previously saved data.
run_hw_ila [get_hw_ilas -of_objects [get_hw_devices xc7z010_1] -filter {CELL_NAME=~"your_instance_name"}]
INFO: [Labtools 27-1964] The ILA core 'hw_ila_1' trigger was armed at 2026-Jun-27 22:32:21
wait_on_hw_ila [get_hw_ilas -of_objects [get_hw_devices xc7z010_1] -filter {CELL_NAME=~"your_instance_name"}]
display_hw_ila_data [upload_hw_ila_data [get_hw_ilas -of_objects [get_hw_devices xc7z010_1] -filter {CELL_NAME=~"your_instance_name"}]]
INFO: [Labtools 27-1966] The ILA core 'hw_ila_1' triggered at 2026-Jun-27 22:32:21
INFO: [Labtools 27-3304] ILA Waveform data saved to file D:/FPGAmoudle/--main/--main/vivado_project_pl_only/DDS_Signal_Generator_PL/DDS_Signal_Generator_PL.hw/backup/hw_ila_data_1.ila. Use Tcl command 'read_hw_ila_data' or Vivado File->Import->Import ILA Data menu item to import the previously saved data.
run_hw_ila [get_hw_ilas -of_objects [get_hw_devices xc7z010_1] -filter {CELL_NAME=~"your_instance_name"}]
INFO: [Labtools 27-1964] The ILA core 'hw_ila_1' trigger was armed at 2026-Jun-27 22:32:24
wait_on_hw_ila [get_hw_ilas -of_objects [get_hw_devices xc7z010_1] -filter {CELL_NAME=~"your_instance_name"}]
display_hw_ila_data [upload_hw_ila_data [get_hw_ilas -of_objects [get_hw_devices xc7z010_1] -filter {CELL_NAME=~"your_instance_name"}]]
INFO: [Labtools 27-1966] The ILA core 'hw_ila_1' triggered at 2026-Jun-27 22:32:24
INFO: [Labtools 27-3304] ILA Waveform data saved to file D:/FPGAmoudle/--main/--main/vivado_project_pl_only/DDS_Signal_Generator_PL/DDS_Signal_Generator_PL.hw/backup/hw_ila_data_1.ila. Use Tcl command 'read_hw_ila_data' or Vivado File->Import->Import ILA Data menu item to import the previously saved data.
run_hw_ila [get_hw_ilas -of_objects [get_hw_devices xc7z010_1] -filter {CELL_NAME=~"your_instance_name"}]
INFO: [Labtools 27-1964] The ILA core 'hw_ila_1' trigger was armed at 2026-Jun-27 22:32:28
wait_on_hw_ila [get_hw_ilas -of_objects [get_hw_devices xc7z010_1] -filter {CELL_NAME=~"your_instance_name"}]
display_hw_ila_data [upload_hw_ila_data [get_hw_ilas -of_objects [get_hw_devices xc7z010_1] -filter {CELL_NAME=~"your_instance_name"}]]
INFO: [Labtools 27-1966] The ILA core 'hw_ila_1' triggered at 2026-Jun-27 22:32:28
INFO: [Labtools 27-3304] ILA Waveform data saved to file D:/FPGAmoudle/--main/--main/vivado_project_pl_only/DDS_Signal_Generator_PL/DDS_Signal_Generator_PL.hw/backup/hw_ila_data_1.ila. Use Tcl command 'read_hw_ila_data' or Vivado File->Import->Import ILA Data menu item to import the previously saved data.
run_hw_ila [get_hw_ilas -of_objects [get_hw_devices xc7z010_1] -filter {CELL_NAME=~"your_instance_name"}]
INFO: [Labtools 27-1964] The ILA core 'hw_ila_1' trigger was armed at 2026-Jun-27 22:32:32
wait_on_hw_ila [get_hw_ilas -of_objects [get_hw_devices xc7z010_1] -filter {CELL_NAME=~"your_instance_name"}]
display_hw_ila_data [upload_hw_ila_data [get_hw_ilas -of_objects [get_hw_devices xc7z010_1] -filter {CELL_NAME=~"your_instance_name"}]]
INFO: [Labtools 27-1966] The ILA core 'hw_ila_1' triggered at 2026-Jun-27 22:32:32
INFO: [Labtools 27-3304] ILA Waveform data saved to file D:/FPGAmoudle/--main/--main/vivado_project_pl_only/DDS_Signal_Generator_PL/DDS_Signal_Generator_PL.hw/backup/hw_ila_data_1.ila. Use Tcl command 'read_hw_ila_data' or Vivado File->Import->Import ILA Data menu item to import the previously saved data.
run_hw_ila [get_hw_ilas -of_objects [get_hw_devices xc7z010_1] -filter {CELL_NAME=~"your_instance_name"}]
INFO: [Labtools 27-1964] The ILA core 'hw_ila_1' trigger was armed at 2026-Jun-27 22:32:35
wait_on_hw_ila [get_hw_ilas -of_objects [get_hw_devices xc7z010_1] -filter {CELL_NAME=~"your_instance_name"}]
display_hw_ila_data [upload_hw_ila_data [get_hw_ilas -of_objects [get_hw_devices xc7z010_1] -filter {CELL_NAME=~"your_instance_name"}]]
INFO: [Labtools 27-1966] The ILA core 'hw_ila_1' triggered at 2026-Jun-27 22:32:35
INFO: [Labtools 27-3304] ILA Waveform data saved to file D:/FPGAmoudle/--main/--main/vivado_project_pl_only/DDS_Signal_Generator_PL/DDS_Signal_Generator_PL.hw/backup/hw_ila_data_1.ila. Use Tcl command 'read_hw_ila_data' or Vivado File->Import->Import ILA Data menu item to import the previously saved data.
run_hw_ila [get_hw_ilas -of_objects [get_hw_devices xc7z010_1] -filter {CELL_NAME=~"your_instance_name"}]
INFO: [Labtools 27-1964] The ILA core 'hw_ila_1' trigger was armed at 2026-Jun-27 22:32:39
wait_on_hw_ila [get_hw_ilas -of_objects [get_hw_devices xc7z010_1] -filter {CELL_NAME=~"your_instance_name"}]
display_hw_ila_data [upload_hw_ila_data [get_hw_ilas -of_objects [get_hw_devices xc7z010_1] -filter {CELL_NAME=~"your_instance_name"}]]
INFO: [Labtools 27-1966] The ILA core 'hw_ila_1' triggered at 2026-Jun-27 22:32:39
INFO: [Labtools 27-3304] ILA Waveform data saved to file D:/FPGAmoudle/--main/--main/vivado_project_pl_only/DDS_Signal_Generator_PL/DDS_Signal_Generator_PL.hw/backup/hw_ila_data_1.ila. Use Tcl command 'read_hw_ila_data' or Vivado File->Import->Import ILA Data menu item to import the previously saved data.
run_hw_ila [get_hw_ilas -of_objects [get_hw_devices xc7z010_1] -filter {CELL_NAME=~"your_instance_name"}]
INFO: [Labtools 27-1964] The ILA core 'hw_ila_1' trigger was armed at 2026-Jun-27 22:32:43
wait_on_hw_ila [get_hw_ilas -of_objects [get_hw_devices xc7z010_1] -filter {CELL_NAME=~"your_instance_name"}]
display_hw_ila_data [upload_hw_ila_data [get_hw_ilas -of_objects [get_hw_devices xc7z010_1] -filter {CELL_NAME=~"your_instance_name"}]]
INFO: [Labtools 27-1966] The ILA core 'hw_ila_1' triggered at 2026-Jun-27 22:32:43
INFO: [Labtools 27-3304] ILA Waveform data saved to file D:/FPGAmoudle/--main/--main/vivado_project_pl_only/DDS_Signal_Generator_PL/DDS_Signal_Generator_PL.hw/backup/hw_ila_data_1.ila. Use Tcl command 'read_hw_ila_data' or Vivado File->Import->Import ILA Data menu item to import the previously saved data.
run_hw_ila [get_hw_ilas -of_objects [get_hw_devices xc7z010_1] -filter {CELL_NAME=~"your_instance_name"}]
INFO: [Labtools 27-1964] The ILA core 'hw_ila_1' trigger was armed at 2026-Jun-27 22:32:47
wait_on_hw_ila [get_hw_ilas -of_objects [get_hw_devices xc7z010_1] -filter {CELL_NAME=~"your_instance_name"}]
display_hw_ila_data [upload_hw_ila_data [get_hw_ilas -of_objects [get_hw_devices xc7z010_1] -filter {CELL_NAME=~"your_instance_name"}]]
INFO: [Labtools 27-1966] The ILA core 'hw_ila_1' triggered at 2026-Jun-27 22:32:47
INFO: [Labtools 27-3304] ILA Waveform data saved to file D:/FPGAmoudle/--main/--main/vivado_project_pl_only/DDS_Signal_Generator_PL/DDS_Signal_Generator_PL.hw/backup/hw_ila_data_1.ila. Use Tcl command 'read_hw_ila_data' or Vivado File->Import->Import ILA Data menu item to import the previously saved data.
run_hw_ila [get_hw_ilas -of_objects [get_hw_devices xc7z010_1] -filter {CELL_NAME=~"your_instance_name"}]
INFO: [Labtools 27-1964] The ILA core 'hw_ila_1' trigger was armed at 2026-Jun-27 22:32:54
wait_on_hw_ila [get_hw_ilas -of_objects [get_hw_devices xc7z010_1] -filter {CELL_NAME=~"your_instance_name"}]
display_hw_ila_data [upload_hw_ila_data [get_hw_ilas -of_objects [get_hw_devices xc7z010_1] -filter {CELL_NAME=~"your_instance_name"}]]
INFO: [Labtools 27-1966] The ILA core 'hw_ila_1' triggered at 2026-Jun-27 22:32:54
INFO: [Labtools 27-3304] ILA Waveform data saved to file D:/FPGAmoudle/--main/--main/vivado_project_pl_only/DDS_Signal_Generator_PL/DDS_Signal_Generator_PL.hw/backup/hw_ila_data_1.ila. Use Tcl command 'read_hw_ila_data' or Vivado File->Import->Import ILA Data menu item to import the previously saved data.
run_hw_ila [get_hw_ilas -of_objects [get_hw_devices xc7z010_1] -filter {CELL_NAME=~"your_instance_name"}]
INFO: [Labtools 27-1964] The ILA core 'hw_ila_1' trigger was armed at 2026-Jun-27 22:32:58
wait_on_hw_ila [get_hw_ilas -of_objects [get_hw_devices xc7z010_1] -filter {CELL_NAME=~"your_instance_name"}]
display_hw_ila_data [upload_hw_ila_data [get_hw_ilas -of_objects [get_hw_devices xc7z010_1] -filter {CELL_NAME=~"your_instance_name"}]]
INFO: [Labtools 27-1966] The ILA core 'hw_ila_1' triggered at 2026-Jun-27 22:32:58
INFO: [Labtools 27-3304] ILA Waveform data saved to file D:/FPGAmoudle/--main/--main/vivado_project_pl_only/DDS_Signal_Generator_PL/DDS_Signal_Generator_PL.hw/backup/hw_ila_data_1.ila. Use Tcl command 'read_hw_ila_data' or Vivado File->Import->Import ILA Data menu item to import the previously saved data.
run_hw_ila [get_hw_ilas -of_objects [get_hw_devices xc7z010_1] -filter {CELL_NAME=~"your_instance_name"}]
INFO: [Labtools 27-1964] The ILA core 'hw_ila_1' trigger was armed at 2026-Jun-27 22:33:01
wait_on_hw_ila [get_hw_ilas -of_objects [get_hw_devices xc7z010_1] -filter {CELL_NAME=~"your_instance_name"}]
display_hw_ila_data [upload_hw_ila_data [get_hw_ilas -of_objects [get_hw_devices xc7z010_1] -filter {CELL_NAME=~"your_instance_name"}]]
INFO: [Labtools 27-1966] The ILA core 'hw_ila_1' triggered at 2026-Jun-27 22:33:01
INFO: [Labtools 27-3304] ILA Waveform data saved to file D:/FPGAmoudle/--main/--main/vivado_project_pl_only/DDS_Signal_Generator_PL/DDS_Signal_Generator_PL.hw/backup/hw_ila_data_1.ila. Use Tcl command 'read_hw_ila_data' or Vivado File->Import->Import ILA Data menu item to import the previously saved data.
run_hw_ila [get_hw_ilas -of_objects [get_hw_devices xc7z010_1] -filter {CELL_NAME=~"your_instance_name"}]
INFO: [Labtools 27-1964] The ILA core 'hw_ila_1' trigger was armed at 2026-Jun-27 22:33:05
wait_on_hw_ila [get_hw_ilas -of_objects [get_hw_devices xc7z010_1] -filter {CELL_NAME=~"your_instance_name"}]
display_hw_ila_data [upload_hw_ila_data [get_hw_ilas -of_objects [get_hw_devices xc7z010_1] -filter {CELL_NAME=~"your_instance_name"}]]
INFO: [Labtools 27-1966] The ILA core 'hw_ila_1' triggered at 2026-Jun-27 22:33:05
INFO: [Labtools 27-3304] ILA Waveform data saved to file D:/FPGAmoudle/--main/--main/vivado_project_pl_only/DDS_Signal_Generator_PL/DDS_Signal_Generator_PL.hw/backup/hw_ila_data_1.ila. Use Tcl command 'read_hw_ila_data' or Vivado File->Import->Import ILA Data menu item to import the previously saved data.
run_hw_ila [get_hw_ilas -of_objects [get_hw_devices xc7z010_1] -filter {CELL_NAME=~"your_instance_name"}]
INFO: [Labtools 27-1964] The ILA core 'hw_ila_1' trigger was armed at 2026-Jun-27 22:33:08
wait_on_hw_ila [get_hw_ilas -of_objects [get_hw_devices xc7z010_1] -filter {CELL_NAME=~"your_instance_name"}]
display_hw_ila_data [upload_hw_ila_data [get_hw_ilas -of_objects [get_hw_devices xc7z010_1] -filter {CELL_NAME=~"your_instance_name"}]]
INFO: [Labtools 27-1966] The ILA core 'hw_ila_1' triggered at 2026-Jun-27 22:33:08
INFO: [Labtools 27-3304] ILA Waveform data saved to file D:/FPGAmoudle/--main/--main/vivado_project_pl_only/DDS_Signal_Generator_PL/DDS_Signal_Generator_PL.hw/backup/hw_ila_data_1.ila. Use Tcl command 'read_hw_ila_data' or Vivado File->Import->Import ILA Data menu item to import the previously saved data.
run_hw_ila [get_hw_ilas -of_objects [get_hw_devices xc7z010_1] -filter {CELL_NAME=~"your_instance_name"}]
INFO: [Labtools 27-1964] The ILA core 'hw_ila_1' trigger was armed at 2026-Jun-27 22:33:12
wait_on_hw_ila [get_hw_ilas -of_objects [get_hw_devices xc7z010_1] -filter {CELL_NAME=~"your_instance_name"}]
display_hw_ila_data [upload_hw_ila_data [get_hw_ilas -of_objects [get_hw_devices xc7z010_1] -filter {CELL_NAME=~"your_instance_name"}]]
INFO: [Labtools 27-1966] The ILA core 'hw_ila_1' triggered at 2026-Jun-27 22:33:12
INFO: [Labtools 27-3304] ILA Waveform data saved to file D:/FPGAmoudle/--main/--main/vivado_project_pl_only/DDS_Signal_Generator_PL/DDS_Signal_Generator_PL.hw/backup/hw_ila_data_1.ila. Use Tcl command 'read_hw_ila_data' or Vivado File->Import->Import ILA Data menu item to import the previously saved data.
run_hw_ila [get_hw_ilas -of_objects [get_hw_devices xc7z010_1] -filter {CELL_NAME=~"your_instance_name"}]
INFO: [Labtools 27-1964] The ILA core 'hw_ila_1' trigger was armed at 2026-Jun-27 22:33:15
wait_on_hw_ila [get_hw_ilas -of_objects [get_hw_devices xc7z010_1] -filter {CELL_NAME=~"your_instance_name"}]
display_hw_ila_data [upload_hw_ila_data [get_hw_ilas -of_objects [get_hw_devices xc7z010_1] -filter {CELL_NAME=~"your_instance_name"}]]
INFO: [Labtools 27-1966] The ILA core 'hw_ila_1' triggered at 2026-Jun-27 22:33:15
INFO: [Labtools 27-3304] ILA Waveform data saved to file D:/FPGAmoudle/--main/--main/vivado_project_pl_only/DDS_Signal_Generator_PL/DDS_Signal_Generator_PL.hw/backup/hw_ila_data_1.ila. Use Tcl command 'read_hw_ila_data' or Vivado File->Import->Import ILA Data menu item to import the previously saved data.
run_hw_ila [get_hw_ilas -of_objects [get_hw_devices xc7z010_1] -filter {CELL_NAME=~"your_instance_name"}]
INFO: [Labtools 27-1964] The ILA core 'hw_ila_1' trigger was armed at 2026-Jun-27 22:33:19
wait_on_hw_ila [get_hw_ilas -of_objects [get_hw_devices xc7z010_1] -filter {CELL_NAME=~"your_instance_name"}]
display_hw_ila_data [upload_hw_ila_data [get_hw_ilas -of_objects [get_hw_devices xc7z010_1] -filter {CELL_NAME=~"your_instance_name"}]]
INFO: [Labtools 27-1966] The ILA core 'hw_ila_1' triggered at 2026-Jun-27 22:33:19
INFO: [Labtools 27-3304] ILA Waveform data saved to file D:/FPGAmoudle/--main/--main/vivado_project_pl_only/DDS_Signal_Generator_PL/DDS_Signal_Generator_PL.hw/backup/hw_ila_data_1.ila. Use Tcl command 'read_hw_ila_data' or Vivado File->Import->Import ILA Data menu item to import the previously saved data.
run_hw_ila [get_hw_ilas -of_objects [get_hw_devices xc7z010_1] -filter {CELL_NAME=~"your_instance_name"}]
INFO: [Labtools 27-1964] The ILA core 'hw_ila_1' trigger was armed at 2026-Jun-27 22:33:22
wait_on_hw_ila [get_hw_ilas -of_objects [get_hw_devices xc7z010_1] -filter {CELL_NAME=~"your_instance_name"}]
display_hw_ila_data [upload_hw_ila_data [get_hw_ilas -of_objects [get_hw_devices xc7z010_1] -filter {CELL_NAME=~"your_instance_name"}]]
INFO: [Labtools 27-1966] The ILA core 'hw_ila_1' triggered at 2026-Jun-27 22:33:22
INFO: [Labtools 27-3304] ILA Waveform data saved to file D:/FPGAmoudle/--main/--main/vivado_project_pl_only/DDS_Signal_Generator_PL/DDS_Signal_Generator_PL.hw/backup/hw_ila_data_1.ila. Use Tcl command 'read_hw_ila_data' or Vivado File->Import->Import ILA Data menu item to import the previously saved data.
run_hw_ila [get_hw_ilas -of_objects [get_hw_devices xc7z010_1] -filter {CELL_NAME=~"your_instance_name"}]
INFO: [Labtools 27-1964] The ILA core 'hw_ila_1' trigger was armed at 2026-Jun-27 22:33:26
wait_on_hw_ila [get_hw_ilas -of_objects [get_hw_devices xc7z010_1] -filter {CELL_NAME=~"your_instance_name"}]
display_hw_ila_data [upload_hw_ila_data [get_hw_ilas -of_objects [get_hw_devices xc7z010_1] -filter {CELL_NAME=~"your_instance_name"}]]
INFO: [Labtools 27-1966] The ILA core 'hw_ila_1' triggered at 2026-Jun-27 22:33:26
INFO: [Labtools 27-3304] ILA Waveform data saved to file D:/FPGAmoudle/--main/--main/vivado_project_pl_only/DDS_Signal_Generator_PL/DDS_Signal_Generator_PL.hw/backup/hw_ila_data_1.ila. Use Tcl command 'read_hw_ila_data' or Vivado File->Import->Import ILA Data menu item to import the previously saved data.
run_hw_ila [get_hw_ilas -of_objects [get_hw_devices xc7z010_1] -filter {CELL_NAME=~"your_instance_name"}]
INFO: [Labtools 27-1964] The ILA core 'hw_ila_1' trigger was armed at 2026-Jun-27 22:33:29
wait_on_hw_ila [get_hw_ilas -of_objects [get_hw_devices xc7z010_1] -filter {CELL_NAME=~"your_instance_name"}]
display_hw_ila_data [upload_hw_ila_data [get_hw_ilas -of_objects [get_hw_devices xc7z010_1] -filter {CELL_NAME=~"your_instance_name"}]]
INFO: [Labtools 27-1966] The ILA core 'hw_ila_1' triggered at 2026-Jun-27 22:33:29
INFO: [Labtools 27-3304] ILA Waveform data saved to file D:/FPGAmoudle/--main/--main/vivado_project_pl_only/DDS_Signal_Generator_PL/DDS_Signal_Generator_PL.hw/backup/hw_ila_data_1.ila. Use Tcl command 'read_hw_ila_data' or Vivado File->Import->Import ILA Data menu item to import the previously saved data.
run_hw_ila [get_hw_ilas -of_objects [get_hw_devices xc7z010_1] -filter {CELL_NAME=~"your_instance_name"}]
INFO: [Labtools 27-1964] The ILA core 'hw_ila_1' trigger was armed at 2026-Jun-27 22:33:33
wait_on_hw_ila [get_hw_ilas -of_objects [get_hw_devices xc7z010_1] -filter {CELL_NAME=~"your_instance_name"}]
display_hw_ila_data [upload_hw_ila_data [get_hw_ilas -of_objects [get_hw_devices xc7z010_1] -filter {CELL_NAME=~"your_instance_name"}]]
INFO: [Labtools 27-1966] The ILA core 'hw_ila_1' triggered at 2026-Jun-27 22:33:33
INFO: [Labtools 27-3304] ILA Waveform data saved to file D:/FPGAmoudle/--main/--main/vivado_project_pl_only/DDS_Signal_Generator_PL/DDS_Signal_Generator_PL.hw/backup/hw_ila_data_1.ila. Use Tcl command 'read_hw_ila_data' or Vivado File->Import->Import ILA Data menu item to import the previously saved data.
run_hw_ila [get_hw_ilas -of_objects [get_hw_devices xc7z010_1] -filter {CELL_NAME=~"your_instance_name"}]
INFO: [Labtools 27-1964] The ILA core 'hw_ila_1' trigger was armed at 2026-Jun-27 22:33:37
wait_on_hw_ila [get_hw_ilas -of_objects [get_hw_devices xc7z010_1] -filter {CELL_NAME=~"your_instance_name"}]
display_hw_ila_data [upload_hw_ila_data [get_hw_ilas -of_objects [get_hw_devices xc7z010_1] -filter {CELL_NAME=~"your_instance_name"}]]
INFO: [Labtools 27-1966] The ILA core 'hw_ila_1' triggered at 2026-Jun-27 22:33:37
INFO: [Labtools 27-3304] ILA Waveform data saved to file D:/FPGAmoudle/--main/--main/vivado_project_pl_only/DDS_Signal_Generator_PL/DDS_Signal_Generator_PL.hw/backup/hw_ila_data_1.ila. Use Tcl command 'read_hw_ila_data' or Vivado File->Import->Import ILA Data menu item to import the previously saved data.
run_hw_ila [get_hw_ilas -of_objects [get_hw_devices xc7z010_1] -filter {CELL_NAME=~"your_instance_name"}]
INFO: [Labtools 27-1964] The ILA core 'hw_ila_1' trigger was armed at 2026-Jun-27 22:33:40
wait_on_hw_ila [get_hw_ilas -of_objects [get_hw_devices xc7z010_1] -filter {CELL_NAME=~"your_instance_name"}]
display_hw_ila_data [upload_hw_ila_data [get_hw_ilas -of_objects [get_hw_devices xc7z010_1] -filter {CELL_NAME=~"your_instance_name"}]]
INFO: [Labtools 27-1966] The ILA core 'hw_ila_1' triggered at 2026-Jun-27 22:33:40
INFO: [Labtools 27-3304] ILA Waveform data saved to file D:/FPGAmoudle/--main/--main/vivado_project_pl_only/DDS_Signal_Generator_PL/DDS_Signal_Generator_PL.hw/backup/hw_ila_data_1.ila. Use Tcl command 'read_hw_ila_data' or Vivado File->Import->Import ILA Data menu item to import the previously saved data.
save_wave_config {D:/FPGAmoudle/--main/--main/vivado_project_pl_only/DDS_Signal_Generator_PL/DDS_Signal_Generator_PL.hw/hw_1/wave/hw_ila_data_1/hw_ila_data_1.wcfg}
exit
INFO: [Common 17-206] Exiting Vivado at Sat Jun 27 22:33:47 2026...
