#-----------------------------------------------------------
# Vivado v2019.2 (64-bit)
# SW Build 2708876 on Wed Nov  6 21:40:23 MST 2019
# IP Build 2700528 on Thu Nov  7 00:09:20 MST 2019
# Start of session at: Sat Jun 27 21:43:42 2026
# Process ID: 11984
# Current directory: D:/FPGAmoudle/--main/--main/vivado_project_pl_only
# Command line: vivado.exe -mode batch -source create_pl_project.tcl
# Log file: D:/FPGAmoudle/--main/--main/vivado_project_pl_only/vivado.log
# Journal file: D:/FPGAmoudle/--main/--main/vivado_project_pl_only\vivado.jou
#-----------------------------------------------------------
Sourcing tcl script 'D:/tools/vivado/2019.2/scripts/Vivado_init.tcl'
source create_pl_project.tcl
# set proj_dir "D:/FPGAmoudle/--main/--main/vivado_project_pl_only"
# set proj_name "DDS_Signal_Generator_PL"
# create_project $proj_name $proj_dir/$proj_name -part xc7z010clg400-1 -force
create_project: Time (s): cpu = 00:00:03 ; elapsed = 00:00:06 . Memory (MB): peak = 442.047 ; gain = 153.266
# add_files -norecurse $proj_dir/rtl/DDS_Core.v
# add_files -norecurse $proj_dir/rtl/DDS_Signal_Generator.v
# add_files -norecurse $proj_dir/rtl/HMI_Recv.v
# add_files -norecurse $proj_dir/rtl/HMI_UARTX.v
# add_files -norecurse $proj_dir/rtl/HMI_UARX.v
# add_files -norecurse $proj_dir/rtl/Key_Control.v
# add_files -fileset constrs_1 -norecurse $proj_dir/DDS_Signal_Generator.xdc
# set_property top DDS_Signal_Generator [current_fileset]
# update_compile_order -fileset sources_1
# puts "INFO: Pure PL project created successfully!"
INFO: Pure PL project created successfully!
# puts "INFO: Project: $proj_dir/$proj_name.xpr"
INFO: Project: D:/FPGAmoudle/--main/--main/vivado_project_pl_only/DDS_Signal_Generator_PL.xpr
# puts "INFO: Top module: DDS_Signal_Generator"
INFO: Top module: DDS_Signal_Generator
# puts "INFO: Sources: $proj_dir/rtl/"
INFO: Sources: D:/FPGAmoudle/--main/--main/vivado_project_pl_only/rtl/
# puts "INFO: Constraints: $proj_dir/DDS_Signal_Generator.xdc"
INFO: Constraints: D:/FPGAmoudle/--main/--main/vivado_project_pl_only/DDS_Signal_Generator.xdc
INFO: [Common 17-206] Exiting Vivado at Sat Jun 27 21:43:57 2026...
